
**** Clean-only build of configuration Debug for project bicycle_computer ****

"C:\\ti\\ccsv6\\utils\\bin\\gmake" -k clean 
DEL /F  "bicycle_computer.out"  "bicycle_computer.hex" 
DEL /F "ccfg.pp" "em8500-pwr-mgnt.pp" "main.pp" "radio.pp" "rtc.pp" "system.pp" "sensors\bmp-280-sensor.pp" "sensors\buzzer.pp" "sensors\ext-flash.pp" "sensors\hdc-1000-sensor.pp" "sensors\opt-3001-sensor.pp" "sensors\sensor-common.pp" "sensors\tmp-007-sensor.pp" "interfaces\board-i2c.pp" "interfaces\board-spi.pp" "cc26xxware_2_22_00_16101\startup_files\startup_ccs.pp" "cc26xxware_2_22_00_16101\driverLib\adi.pp" "cc26xxware_2_22_00_16101\driverLib\aon_batmon.pp" "cc26xxware_2_22_00_16101\driverLib\aon_event.pp" "cc26xxware_2_22_00_16101\driverLib\aon_ioc.pp" "cc26xxware_2_22_00_16101\driverLib\aon_rtc.pp" "cc26xxware_2_22_00_16101\driverLib\aon_wuc.pp" "cc26xxware_2_22_00_16101\driverLib\aux_adc.pp" "cc26xxware_2_22_00_16101\driverLib\aux_smph.pp" "cc26xxware_2_22_00_16101\driverLib\aux_tdc.pp" "cc26xxware_2_22_00_16101\driverLib\aux_timer.pp" "cc26xxware_2_22_00_16101\driverLib\aux_wuc.pp" "cc26xxware_2_22_00_16101\driverLib\ccfgread.pp" "cc26xxware_2_22_00_16101\driverLib\chipinfo.pp" "cc26xxware_2_22_00_16101\driverLib\cpu.pp" 
C:\Users\katrin\Documents\GitHub\sensortag\bicycle_computer_v2\Debug\bicycle_computer.out konnte nicht gefunden werden
DEL /F "cc26xxware_2_22_00_16101\driverLib\crypto.pp" "cc26xxware_2_22_00_16101\driverLib\ddi.pp" "cc26xxware_2_22_00_16101\driverLib\debug.pp" "cc26xxware_2_22_00_16101\driverLib\driverlib_release.pp" "cc26xxware_2_22_00_16101\driverLib\event.pp" "cc26xxware_2_22_00_16101\driverLib\flash.pp" "cc26xxware_2_22_00_16101\driverLib\flashsafe.pp" "cc26xxware_2_22_00_16101\driverLib\gpio.pp" "cc26xxware_2_22_00_16101\driverLib\i2c.pp" "cc26xxware_2_22_00_16101\driverLib\i2s.pp" "cc26xxware_2_22_00_16101\driverLib\interrupt.pp" "cc26xxware_2_22_00_16101\driverLib\ioc.pp" "cc26xxware_2_22_00_16101\driverLib\osc.pp" "cc26xxware_2_22_00_16101\driverLib\prcm.pp" "cc26xxware_2_22_00_16101\driverLib\pwr_ctrl.pp" "cc26xxware_2_22_00_16101\driverLib\rfc.pp" "cc26xxware_2_22_00_16101\driverLib\rom_crypto.pp" "cc26xxware_2_22_00_16101\driverLib\setup.pp" "cc26xxware_2_22_00_16101\driverLib\smph.pp" "cc26xxware_2_22_00_16101\driverLib\ssi.pp" "cc26xxware_2_22_00_16101\driverLib\sys_ctrl.pp" "cc26xxware_2_22_00_16101\driverLib\systick.pp" 
DEL /F "cc26xxware_2_22_00_16101\driverLib\timer.pp" "cc26xxware_2_22_00_16101\driverLib\trng.pp" "cc26xxware_2_22_00_16101\driverLib\uart.pp" "cc26xxware_2_22_00_16101\driverLib\udma.pp" "cc26xxware_2_22_00_16101\driverLib\vims.pp" "cc26xxware_2_22_00_16101\driverLib\watchdog.pp" 
DEL /F "ccfg.obj" "em8500-pwr-mgnt.obj" "main.obj" "radio.obj" "rtc.obj" "system.obj" "sensors\bmp-280-sensor.obj" "sensors\buzzer.obj" "sensors\ext-flash.obj" "sensors\hdc-1000-sensor.obj" "sensors\opt-3001-sensor.obj" "sensors\sensor-common.obj" "sensors\tmp-007-sensor.obj" "interfaces\board-i2c.obj" "interfaces\board-spi.obj" "cc26xxware_2_22_00_16101\startup_files\startup_ccs.obj" "cc26xxware_2_22_00_16101\driverLib\adi.obj" "cc26xxware_2_22_00_16101\driverLib\aon_batmon.obj" "cc26xxware_2_22_00_16101\driverLib\aon_event.obj" "cc26xxware_2_22_00_16101\driverLib\aon_ioc.obj" "cc26xxware_2_22_00_16101\driverLib\aon_rtc.obj" "cc26xxware_2_22_00_16101\driverLib\aon_wuc.obj" "cc26xxware_2_22_00_16101\driverLib\aux_adc.obj" "cc26xxware_2_22_00_16101\driverLib\aux_smph.obj" "cc26xxware_2_22_00_16101\driverLib\aux_tdc.obj" "cc26xxware_2_22_00_16101\driverLib\aux_timer.obj" "cc26xxware_2_22_00_16101\driverLib\aux_wuc.obj" "cc26xxware_2_22_00_16101\driverLib\ccfgread.obj" "cc26xxware_2_22_00_16101\driverLib\chipinfo.obj" 
C:\Users\katrin\Documents\GitHub\sensortag\bicycle_computer_v2\Debug\ccfg.obj konnte nicht gefunden werden
C:\Users\katrin\Documents\GitHub\sensortag\bicycle_computer_v2\Debug\sensors\bmp-280-sensor.obj konnte nicht gefunden werden
C:\Users\katrin\Documents\GitHub\sensortag\bicycle_computer_v2\Debug\interfaces\board-i2c.obj konnte nicht gefunden werden
C:\Users\katrin\Documents\GitHub\sensortag\bicycle_computer_v2\Debug\cc26xxware_2_22_00_16101\startup_files\startup_ccs.obj konnte nicht gefunden werden
C:\Users\katrin\Documents\GitHub\sensortag\bicycle_computer_v2\Debug\cc26xxware_2_22_00_16101\driverLib\adi.obj konnte nicht gefunden werden
DEL /F "cc26xxware_2_22_00_16101\driverLib\cpu.obj" "cc26xxware_2_22_00_16101\driverLib\crypto.obj" "cc26xxware_2_22_00_16101\driverLib\ddi.obj" "cc26xxware_2_22_00_16101\driverLib\debug.obj" "cc26xxware_2_22_00_16101\driverLib\driverlib_release.obj" "cc26xxware_2_22_00_16101\driverLib\event.obj" "cc26xxware_2_22_00_16101\driverLib\flash.obj" "cc26xxware_2_22_00_16101\driverLib\flashsafe.obj" "cc26xxware_2_22_00_16101\driverLib\gpio.obj" "cc26xxware_2_22_00_16101\driverLib\i2c.obj" "cc26xxware_2_22_00_16101\driverLib\i2s.obj" "cc26xxware_2_22_00_16101\driverLib\interrupt.obj" "cc26xxware_2_22_00_16101\driverLib\ioc.obj" "cc26xxware_2_22_00_16101\driverLib\osc.obj" "cc26xxware_2_22_00_16101\driverLib\prcm.obj" "cc26xxware_2_22_00_16101\driverLib\pwr_ctrl.obj" "cc26xxware_2_22_00_16101\driverLib\rfc.obj" "cc26xxware_2_22_00_16101\driverLib\rom_crypto.obj" "cc26xxware_2_22_00_16101\driverLib\setup.obj" "cc26xxware_2_22_00_16101\driverLib\smph.obj" "cc26xxware_2_22_00_16101\driverLib\ssi.obj" "cc26xxware_2_22_00_16101\driverLib\sys_ctrl.obj" 
C:\Users\katrin\Documents\GitHub\sensortag\bicycle_computer_v2\Debug\cc26xxware_2_22_00_16101\driverLib\cpu.obj konnte nicht gefunden werden
DEL /F "cc26xxware_2_22_00_16101\driverLib\systick.obj" "cc26xxware_2_22_00_16101\driverLib\timer.obj" "cc26xxware_2_22_00_16101\driverLib\trng.obj" "cc26xxware_2_22_00_16101\driverLib\uart.obj" "cc26xxware_2_22_00_16101\driverLib\udma.obj" "cc26xxware_2_22_00_16101\driverLib\vims.obj" "cc26xxware_2_22_00_16101\driverLib\watchdog.obj" 
C:\Users\katrin\Documents\GitHub\sensortag\bicycle_computer_v2\Debug\cc26xxware_2_22_00_16101\driverLib\systick.obj konnte nicht gefunden werden
'Finished clean'
' '

**** Build Finished ****

**** Build of configuration Debug for project bicycle_computer ****

"C:\\ti\\ccsv6\\utils\\bin\\gmake" -k all 
'Building file: ../ccfg.c'
'Invoking: ARM Compiler'
"C:/ti/ccsv6/tools/compiler/ti-cgt-arm_5.2.7/bin/armcl" -mv7M3 --code_state=16 --abi=eabi -me --include_path="C:/Users/katrin/Documents/GitHub/sensortag/bicycle_computer_v2/cc26xxware_2_22_00_16101/startup_files" --include_path="C:/Users/katrin/Documents/GitHub/sensortag/bicycle_computer_v2/cc26xxware_2_22_00_16101/inc" --include_path="C:/Users/katrin/Documents/GitHub/sensortag/bicycle_computer_v2/cc26xxware_2_22_00_16101/utils" --include_path="C:/Users/katrin/Documents/GitHub/sensortag/bicycle_computer_v2/radio_files/pa_table" --include_path="C:/ti/ccsv6/tools/compiler/ti-cgt-arm_5.2.7/include" --include_path="C:/Users/katrin/Documents/GitHub/sensortag/bicycle_computer_v2/cc26xxware_2_22_00_16101/driverLib" --include_path="C:/Users/katrin/Documents/GitHub/sensortag/bicycle_computer_v2/radio_files" --include_path="C:/Users/katrin/Documents/GitHub/sensortag/bicycle_computer_v2/sensors" --include_path="C:/Users/katrin/Documents/GitHub/sensortag/bicycle_computer_v2/interfaces" -g --display_error_number --diag_warning=225 --diag_wrap=off --preproc_with_compile --preproc_dependency="ccfg.pp"  "../ccfg.c"
'Finished building: ../ccfg.c'
' '
'Building file: ../em8500-pwr-mgnt.c'
'Invoking: ARM Compiler'
"C:/ti/ccsv6/tools/compiler/ti-cgt-arm_5.2.7/bin/armcl" -mv7M3 --code_state=16 --abi=eabi -me --include_path="C:/Users/katrin/Documents/GitHub/sensortag/bicycle_computer_v2/cc26xxware_2_22_00_16101/startup_files" --include_path="C:/Users/katrin/Documents/GitHub/sensortag/bicycle_computer_v2/cc26xxware_2_22_00_16101/inc" --include_path="C:/Users/katrin/Documents/GitHub/sensortag/bicycle_computer_v2/cc26xxware_2_22_00_16101/utils" --include_path="C:/Users/katrin/Documents/GitHub/sensortag/bicycle_computer_v2/radio_files/pa_table" --include_path="C:/ti/ccsv6/tools/compiler/ti-cgt-arm_5.2.7/include" --include_path="C:/Users/katrin/Documents/GitHub/sensortag/bicycle_computer_v2/cc26xxware_2_22_00_16101/driverLib" --include_path="C:/Users/katrin/Documents/GitHub/sensortag/bicycle_computer_v2/radio_files" --include_path="C:/Users/katrin/Documents/GitHub/sensortag/bicycle_computer_v2/sensors" --include_path="C:/Users/katrin/Documents/GitHub/sensortag/bicycle_computer_v2/interfaces" -g --display_error_number --diag_warning=225 --diag_wrap=off --preproc_with_compile --preproc_dependency="em8500-pwr-mgnt.pp"  "../em8500-pwr-mgnt.c"
"../em8500-pwr-mgnt.c", line 62: warning #552-D: variable "success" was set but never used
'Finished building: ../em8500-pwr-mgnt.c'
' '
'Building file: ../main.c'
'Invoking: ARM Compiler'
"C:/ti/ccsv6/tools/compiler/ti-cgt-arm_5.2.7/bin/armcl" -mv7M3 --code_state=16 --abi=eabi -me --include_path="C:/Users/katrin/Documents/GitHub/sensortag/bicycle_computer_v2/cc26xxware_2_22_00_16101/startup_files" --include_path="C:/Users/katrin/Documents/GitHub/sensortag/bicycle_computer_v2/cc26xxware_2_22_00_16101/inc" --include_path="C:/Users/katrin/Documents/GitHub/sensortag/bicycle_computer_v2/cc26xxware_2_22_00_16101/utils" --include_path="C:/Users/katrin/Documents/GitHub/sensortag/bicycle_computer_v2/radio_files/pa_table" --include_path="C:/ti/ccsv6/tools/compiler/ti-cgt-arm_5.2.7/include" --include_path="C:/Users/katrin/Documents/GitHub/sensortag/bicycle_computer_v2/cc26xxware_2_22_00_16101/driverLib" --include_path="C:/Users/katrin/Documents/GitHub/sensortag/bicycle_computer_v2/radio_files" --include_path="C:/Users/katrin/Documents/GitHub/sensortag/bicycle_computer_v2/sensors" --include_path="C:/Users/katrin/Documents/GitHub/sensortag/bicycle_computer_v2/interfaces" -g --display_error_number --diag_warning=225 --diag_wrap=off --preproc_with_compile --preproc_dependency="main.pp"  "../main.c"
"../main.c", line 124: warning #225-D: function "memset" declared implicitly
"../main.c", line 140: warning #169-D: argument of type "uint8_t *" is incompatible with parameter of type "char *"
'Finished building: ../main.c'
' '
'Building file: ../radio.c'
'Invoking: ARM Compiler'
"C:/ti/ccsv6/tools/compiler/ti-cgt-arm_5.2.7/bin/armcl" -mv7M3 --code_state=16 --abi=eabi -me --include_path="C:/Users/katrin/Documents/GitHub/sensortag/bicycle_computer_v2/cc26xxware_2_22_00_16101/startup_files" --include_path="C:/Users/katrin/Documents/GitHub/sensortag/bicycle_computer_v2/cc26xxware_2_22_00_16101/inc" --include_path="C:/Users/katrin/Documents/GitHub/sensortag/bicycle_computer_v2/cc26xxware_2_22_00_16101/utils" --include_path="C:/Users/katrin/Documents/GitHub/sensortag/bicycle_computer_v2/radio_files/pa_table" --include_path="C:/ti/ccsv6/tools/compiler/ti-cgt-arm_5.2.7/include" --include_path="C:/Users/katrin/Documents/GitHub/sensortag/bicycle_computer_v2/cc26xxware_2_22_00_16101/driverLib" --include_path="C:/Users/katrin/Documents/GitHub/sensortag/bicycle_computer_v2/radio_files" --include_path="C:/Users/katrin/Documents/GitHub/sensortag/bicycle_computer_v2/sensors" --include_path="C:/Users/katrin/Documents/GitHub/sensortag/bicycle_computer_v2/interfaces" -g --display_error_number --diag_warning=225 --diag_wrap=off --preproc_with_compile --preproc_dependency="radio.pp"  "../radio.c"
"../radio.c", line 23: warning #163-D: unrecognized #pragma
"../radio.c", line 27: warning #163-D: unrecognized #pragma
"../radio.c", line 31: warning #163-D: unrecognized #pragma
"../radio.c", line 39: warning #163-D: unrecognized #pragma
"../radio.c", line 42: warning #163-D: unrecognized #pragma
"../radio.c", line 53: warning #163-D: unrecognized #pragma
"../radio.c", line 65: warning #163-D: unrecognized #pragma
"../radio.c", line 76: warning #163-D: unrecognized #pragma
"../radio.c", line 99: warning #163-D: unrecognized #pragma
'Finished building: ../radio.c'
' '
'Building file: ../rtc.c'
'Invoking: ARM Compiler'
"C:/ti/ccsv6/tools/compiler/ti-cgt-arm_5.2.7/bin/armcl" -mv7M3 --code_state=16 --abi=eabi -me --include_path="C:/Users/katrin/Documents/GitHub/sensortag/bicycle_computer_v2/cc26xxware_2_22_00_16101/startup_files" --include_path="C:/Users/katrin/Documents/GitHub/sensortag/bicycle_computer_v2/cc26xxware_2_22_00_16101/inc" --include_path="C:/Users/katrin/Documents/GitHub/sensortag/bicycle_computer_v2/cc26xxware_2_22_00_16101/utils" --include_path="C:/Users/katrin/Documents/GitHub/sensortag/bicycle_computer_v2/radio_files/pa_table" --include_path="C:/ti/ccsv6/tools/compiler/ti-cgt-arm_5.2.7/include" --include_path="C:/Users/katrin/Documents/GitHub/sensortag/bicycle_computer_v2/cc26xxware_2_22_00_16101/driverLib" --include_path="C:/Users/katrin/Documents/GitHub/sensortag/bicycle_computer_v2/radio_files" --include_path="C:/Users/katrin/Documents/GitHub/sensortag/bicycle_computer_v2/sensors" --include_path="C:/Users/katrin/Documents/GitHub/sensortag/bicycle_computer_v2/interfaces" -g --display_error_number --diag_warning=225 --diag_wrap=off --preproc_with_compile --preproc_dependency="rtc.pp"  "../rtc.c"
'Finished building: ../rtc.c'
' '
'Building file: ../system.c'
'Invoking: ARM Compiler'
"C:/ti/ccsv6/tools/compiler/ti-cgt-arm_5.2.7/bin/armcl" -mv7M3 --code_state=16 --abi=eabi -me --include_path="C:/Users/katrin/Documents/GitHub/sensortag/bicycle_computer_v2/cc26xxware_2_22_00_16101/startup_files" --include_path="C:/Users/katrin/Documents/GitHub/sensortag/bicycle_computer_v2/cc26xxware_2_22_00_16101/inc" --include_path="C:/Users/katrin/Documents/GitHub/sensortag/bicycle_computer_v2/cc26xxware_2_22_00_16101/utils" --include_path="C:/Users/katrin/Documents/GitHub/sensortag/bicycle_computer_v2/radio_files/pa_table" --include_path="C:/ti/ccsv6/tools/compiler/ti-cgt-arm_5.2.7/include" --include_path="C:/Users/katrin/Documents/GitHub/sensortag/bicycle_computer_v2/cc26xxware_2_22_00_16101/driverLib" --include_path="C:/Users/katrin/Documents/GitHub/sensortag/bicycle_computer_v2/radio_files" --include_path="C:/Users/katrin/Documents/GitHub/sensortag/bicycle_computer_v2/sensors" --include_path="C:/Users/katrin/Documents/GitHub/sensortag/bicycle_computer_v2/interfaces" -g --display_error_number --diag_warning=225 --diag_wrap=off --preproc_with_compile --preproc_dependency="system.pp"  "../system.c"
"../system.c", line 26: warning #225-D: function "configure_tmp_007" declared implicitly
"../system.c", line 37: warning #225-D: function "ext_flash_init" declared implicitly
"../system.c", line 40: warning #225-D: function "configure_opt_3001" declared implicitly
"../system.c", line 42: warning #225-D: function "configure_bmp_280" declared implicitly
"../system.c", line 49: warning #225-D: function "board_i2c_shutdown" declared implicitly
'Finished building: ../system.c'
' '
'Building file: ../sensors/bmp-280-sensor.c'
'Invoking: ARM Compiler'
"C:/ti/ccsv6/tools/compiler/ti-cgt-arm_5.2.7/bin/armcl" -mv7M3 --code_state=16 --abi=eabi -me --include_path="C:/Users/katrin/Documents/GitHub/sensortag/bicycle_computer_v2/cc26xxware_2_22_00_16101/startup_files" --include_path="C:/Users/katrin/Documents/GitHub/sensortag/bicycle_computer_v2/cc26xxware_2_22_00_16101/inc" --include_path="C:/Users/katrin/Documents/GitHub/sensortag/bicycle_computer_v2/cc26xxware_2_22_00_16101/utils" --include_path="C:/Users/katrin/Documents/GitHub/sensortag/bicycle_computer_v2/radio_files/pa_table" --include_path="C:/ti/ccsv6/tools/compiler/ti-cgt-arm_5.2.7/include" --include_path="C:/Users/katrin/Documents/GitHub/sensortag/bicycle_computer_v2/cc26xxware_2_22_00_16101/driverLib" --include_path="C:/Users/katrin/Documents/GitHub/sensortag/bicycle_computer_v2/radio_files" --include_path="C:/Users/katrin/Documents/GitHub/sensortag/bicycle_computer_v2/sensors" --include_path="C:/Users/katrin/Documents/GitHub/sensortag/bicycle_computer_v2/interfaces" -g --display_error_number --diag_warning=225 --diag_wrap=off --preproc_with_compile --preproc_dependency="sensors/bmp-280-sensor.pp" --obj_directory="sensors"  "../sensors/bmp-280-sensor.c"
'Finished building: ../sensors/bmp-280-sensor.c'
' '
'Building file: ../sensors/buzzer.c'
'Invoking: ARM Compiler'
"C:/ti/ccsv6/tools/compiler/ti-cgt-arm_5.2.7/bin/armcl" -mv7M3 --code_state=16 --abi=eabi -me --include_path="C:/Users/katrin/Documents/GitHub/sensortag/bicycle_computer_v2/cc26xxware_2_22_00_16101/startup_files" --include_path="C:/Users/katrin/Documents/GitHub/sensortag/bicycle_computer_v2/cc26xxware_2_22_00_16101/inc" --include_path="C:/Users/katrin/Documents/GitHub/sensortag/bicycle_computer_v2/cc26xxware_2_22_00_16101/utils" --include_path="C:/Users/katrin/Documents/GitHub/sensortag/bicycle_computer_v2/radio_files/pa_table" --include_path="C:/ti/ccsv6/tools/compiler/ti-cgt-arm_5.2.7/include" --include_path="C:/Users/katrin/Documents/GitHub/sensortag/bicycle_computer_v2/cc26xxware_2_22_00_16101/driverLib" --include_path="C:/Users/katrin/Documents/GitHub/sensortag/bicycle_computer_v2/radio_files" --include_path="C:/Users/katrin/Documents/GitHub/sensortag/bicycle_computer_v2/sensors" --include_path="C:/Users/katrin/Documents/GitHub/sensortag/bicycle_computer_v2/interfaces" -g --display_error_number --diag_warning=225 --diag_wrap=off --preproc_with_compile --preproc_dependency="sensors/buzzer.pp" --obj_directory="sensors"  "../sensors/buzzer.c"
'Finished building: ../sensors/buzzer.c'
' '
'Building file: ../sensors/ext-flash.c'
'Invoking: ARM Compiler'
"C:/ti/ccsv6/tools/compiler/ti-cgt-arm_5.2.7/bin/armcl" -mv7M3 --code_state=16 --abi=eabi -me --include_path="C:/Users/katrin/Documents/GitHub/sensortag/bicycle_computer_v2/cc26xxware_2_22_00_16101/startup_files" --include_path="C:/Users/katrin/Documents/GitHub/sensortag/bicycle_computer_v2/cc26xxware_2_22_00_16101/inc" --include_path="C:/Users/katrin/Documents/GitHub/sensortag/bicycle_computer_v2/cc26xxware_2_22_00_16101/utils" --include_path="C:/Users/katrin/Documents/GitHub/sensortag/bicycle_computer_v2/radio_files/pa_table" --include_path="C:/ti/ccsv6/tools/compiler/ti-cgt-arm_5.2.7/include" --include_path="C:/Users/katrin/Documents/GitHub/sensortag/bicycle_computer_v2/cc26xxware_2_22_00_16101/driverLib" --include_path="C:/Users/katrin/Documents/GitHub/sensortag/bicycle_computer_v2/radio_files" --include_path="C:/Users/katrin/Documents/GitHub/sensortag/bicycle_computer_v2/sensors" --include_path="C:/Users/katrin/Documents/GitHub/sensortag/bicycle_computer_v2/interfaces" -g --display_error_number --diag_warning=225 --diag_wrap=off --preproc_with_compile --preproc_dependency="sensors/ext-flash.pp" --obj_directory="sensors"  "../sensors/ext-flash.c"
"../sensors/ext-flash.c", line 169: warning #69-D: integer conversion resulted in a change of sign
"../sensors/ext-flash.c", line 176: warning #69-D: integer conversion resulted in a change of sign
'Finished building: ../sensors/ext-flash.c'
' '
'Building file: ../sensors/hdc-1000-sensor.c'
'Invoking: ARM Compiler'
"C:/ti/ccsv6/tools/compiler/ti-cgt-arm_5.2.7/bin/armcl" -mv7M3 --code_state=16 --abi=eabi -me --include_path="C:/Users/katrin/Documents/GitHub/sensortag/bicycle_computer_v2/cc26xxware_2_22_00_16101/startup_files" --include_path="C:/Users/katrin/Documents/GitHub/sensortag/bicycle_computer_v2/cc26xxware_2_22_00_16101/inc" --include_path="C:/Users/katrin/Documents/GitHub/sensortag/bicycle_computer_v2/cc26xxware_2_22_00_16101/utils" --include_path="C:/Users/katrin/Documents/GitHub/sensortag/bicycle_computer_v2/radio_files/pa_table" --include_path="C:/ti/ccsv6/tools/compiler/ti-cgt-arm_5.2.7/include" --include_path="C:/Users/katrin/Documents/GitHub/sensortag/bicycle_computer_v2/cc26xxware_2_22_00_16101/driverLib" --include_path="C:/Users/katrin/Documents/GitHub/sensortag/bicycle_computer_v2/radio_files" --include_path="C:/Users/katrin/Documents/GitHub/sensortag/bicycle_computer_v2/sensors" --include_path="C:/Users/katrin/Documents/GitHub/sensortag/bicycle_computer_v2/interfaces" -g --display_error_number --diag_warning=225 --diag_wrap=off --preproc_with_compile --preproc_dependency="sensors/hdc-1000-sensor.pp" --obj_directory="sensors"  "../sensors/hdc-1000-sensor.c"
"../sensors/hdc-1000-sensor.c", line 194: warning #225-D: function "convert" declared implicitly
'Finished building: ../sensors/hdc-1000-sensor.c'
' '
'Building file: ../sensors/opt-3001-sensor.c'
'Invoking: ARM Compiler'
"C:/ti/ccsv6/tools/compiler/ti-cgt-arm_5.2.7/bin/armcl" -mv7M3 --code_state=16 --abi=eabi -me --include_path="C:/Users/katrin/Documents/GitHub/sensortag/bicycle_computer_v2/cc26xxware_2_22_00_16101/startup_files" --include_path="C:/Users/katrin/Documents/GitHub/sensortag/bicycle_computer_v2/cc26xxware_2_22_00_16101/inc" --include_path="C:/Users/katrin/Documents/GitHub/sensortag/bicycle_computer_v2/cc26xxware_2_22_00_16101/utils" --include_path="C:/Users/katrin/Documents/GitHub/sensortag/bicycle_computer_v2/radio_files/pa_table" --include_path="C:/ti/ccsv6/tools/compiler/ti-cgt-arm_5.2.7/include" --include_path="C:/Users/katrin/Documents/GitHub/sensortag/bicycle_computer_v2/cc26xxware_2_22_00_16101/driverLib" --include_path="C:/Users/katrin/Documents/GitHub/sensortag/bicycle_computer_v2/radio_files" --include_path="C:/Users/katrin/Documents/GitHub/sensortag/bicycle_computer_v2/sensors" --include_path="C:/Users/katrin/Documents/GitHub/sensortag/bicycle_computer_v2/interfaces" -g --display_error_number --diag_warning=225 --diag_wrap=off --preproc_with_compile --preproc_dependency="sensors/opt-3001-sensor.pp" --obj_directory="sensors"  "../sensors/opt-3001-sensor.c"
'Finished building: ../sensors/opt-3001-sensor.c'
' '
'Building file: ../sensors/sensor-common.c'
'Invoking: ARM Compiler'
"C:/ti/ccsv6/tools/compiler/ti-cgt-arm_5.2.7/bin/armcl" -mv7M3 --code_state=16 --abi=eabi -me --include_path="C:/Users/katrin/Documents/GitHub/sensortag/bicycle_computer_v2/cc26xxware_2_22_00_16101/startup_files" --include_path="C:/Users/katrin/Documents/GitHub/sensortag/bicycle_computer_v2/cc26xxware_2_22_00_16101/inc" --include_path="C:/Users/katrin/Documents/GitHub/sensortag/bicycle_computer_v2/cc26xxware_2_22_00_16101/utils" --include_path="C:/Users/katrin/Documents/GitHub/sensortag/bicycle_computer_v2/radio_files/pa_table" --include_path="C:/ti/ccsv6/tools/compiler/ti-cgt-arm_5.2.7/include" --include_path="C:/Users/katrin/Documents/GitHub/sensortag/bicycle_computer_v2/cc26xxware_2_22_00_16101/driverLib" --include_path="C:/Users/katrin/Documents/GitHub/sensortag/bicycle_computer_v2/radio_files" --include_path="C:/Users/katrin/Documents/GitHub/sensortag/bicycle_computer_v2/sensors" --include_path="C:/Users/katrin/Documents/GitHub/sensortag/bicycle_computer_v2/interfaces" -g --display_error_number --diag_warning=225 --diag_wrap=off --preproc_with_compile --preproc_dependency="sensors/sensor-common.pp" --obj_directory="sensors"  "../sensors/sensor-common.c"
'Finished building: ../sensors/sensor-common.c'
' '
'Building file: ../sensors/tmp-007-sensor.c'
'Invoking: ARM Compiler'
"C:/ti/ccsv6/tools/compiler/ti-cgt-arm_5.2.7/bin/armcl" -mv7M3 --code_state=16 --abi=eabi -me --include_path="C:/Users/katrin/Documents/GitHub/sensortag/bicycle_computer_v2/cc26xxware_2_22_00_16101/startup_files" --include_path="C:/Users/katrin/Documents/GitHub/sensortag/bicycle_computer_v2/cc26xxware_2_22_00_16101/inc" --include_path="C:/Users/katrin/Documents/GitHub/sensortag/bicycle_computer_v2/cc26xxware_2_22_00_16101/utils" --include_path="C:/Users/katrin/Documents/GitHub/sensortag/bicycle_computer_v2/radio_files/pa_table" --include_path="C:/ti/ccsv6/tools/compiler/ti-cgt-arm_5.2.7/include" --include_path="C:/Users/katrin/Documents/GitHub/sensortag/bicycle_computer_v2/cc26xxware_2_22_00_16101/driverLib" --include_path="C:/Users/katrin/Documents/GitHub/sensortag/bicycle_computer_v2/radio_files" --include_path="C:/Users/katrin/Documents/GitHub/sensortag/bicycle_computer_v2/sensors" --include_path="C:/Users/katrin/Documents/GitHub/sensortag/bicycle_computer_v2/interfaces" -g --display_error_number --diag_warning=225 --diag_wrap=off --preproc_with_compile --preproc_dependency="sensors/tmp-007-sensor.pp" --obj_directory="sensors"  "../sensors/tmp-007-sensor.c"
"../sensors/tmp-007-sensor.c", line 261: warning #994-D: missing return statement at end of non-void function "configure_tmp_007"
'Finished building: ../sensors/tmp-007-sensor.c'
' '
'Building file: ../interfaces/board-i2c.c'
'Invoking: ARM Compiler'
"C:/ti/ccsv6/tools/compiler/ti-cgt-arm_5.2.7/bin/armcl" -mv7M3 --code_state=16 --abi=eabi -me --include_path="C:/Users/katrin/Documents/GitHub/sensortag/bicycle_computer_v2/cc26xxware_2_22_00_16101/startup_files" --include_path="C:/Users/katrin/Documents/GitHub/sensortag/bicycle_computer_v2/cc26xxware_2_22_00_16101/inc" --include_path="C:/Users/katrin/Documents/GitHub/sensortag/bicycle_computer_v2/cc26xxware_2_22_00_16101/utils" --include_path="C:/Users/katrin/Documents/GitHub/sensortag/bicycle_computer_v2/radio_files/pa_table" --include_path="C:/ti/ccsv6/tools/compiler/ti-cgt-arm_5.2.7/include" --include_path="C:/Users/katrin/Documents/GitHub/sensortag/bicycle_computer_v2/cc26xxware_2_22_00_16101/driverLib" --include_path="C:/Users/katrin/Documents/GitHub/sensortag/bicycle_computer_v2/radio_files" --include_path="C:/Users/katrin/Documents/GitHub/sensortag/bicycle_computer_v2/sensors" --include_path="C:/Users/katrin/Documents/GitHub/sensortag/bicycle_computer_v2/interfaces" -g --display_error_number --diag_warning=225 --diag_wrap=off --preproc_with_compile --preproc_dependency="interfaces/board-i2c.pp" --obj_directory="interfaces"  "../interfaces/board-i2c.c"
'Finished building: ../interfaces/board-i2c.c'
' '
'Building file: ../interfaces/board-spi.c'
'Invoking: ARM Compiler'
"C:/ti/ccsv6/tools/compiler/ti-cgt-arm_5.2.7/bin/armcl" -mv7M3 --code_state=16 --abi=eabi -me --include_path="C:/Users/katrin/Documents/GitHub/sensortag/bicycle_computer_v2/cc26xxware_2_22_00_16101/startup_files" --include_path="C:/Users/katrin/Documents/GitHub/sensortag/bicycle_computer_v2/cc26xxware_2_22_00_16101/inc" --include_path="C:/Users/katrin/Documents/GitHub/sensortag/bicycle_computer_v2/cc26xxware_2_22_00_16101/utils" --include_path="C:/Users/katrin/Documents/GitHub/sensortag/bicycle_computer_v2/radio_files/pa_table" --include_path="C:/ti/ccsv6/tools/compiler/ti-cgt-arm_5.2.7/include" --include_path="C:/Users/katrin/Documents/GitHub/sensortag/bicycle_computer_v2/cc26xxware_2_22_00_16101/driverLib" --include_path="C:/Users/katrin/Documents/GitHub/sensortag/bicycle_computer_v2/radio_files" --include_path="C:/Users/katrin/Documents/GitHub/sensortag/bicycle_computer_v2/sensors" --include_path="C:/Users/katrin/Documents/GitHub/sensortag/bicycle_computer_v2/interfaces" -g --display_error_number --diag_warning=225 --diag_wrap=off --preproc_with_compile --preproc_dependency="interfaces/board-spi.pp" --obj_directory="interfaces"  "../interfaces/board-spi.c"
'Finished building: ../interfaces/board-spi.c'
' '
'Building file: ../cc26xxware_2_22_00_16101/startup_files/startup_ccs.c'
'Invoking: ARM Compiler'
"C:/ti/ccsv6/tools/compiler/ti-cgt-arm_5.2.7/bin/armcl" -mv7M3 --code_state=16 --abi=eabi -me --include_path="C:/Users/katrin/Documents/GitHub/sensortag/bicycle_computer_v2/cc26xxware_2_22_00_16101/startup_files" --include_path="C:/Users/katrin/Documents/GitHub/sensortag/bicycle_computer_v2/cc26xxware_2_22_00_16101/inc" --include_path="C:/Users/katrin/Documents/GitHub/sensortag/bicycle_computer_v2/cc26xxware_2_22_00_16101/utils" --include_path="C:/Users/katrin/Documents/GitHub/sensortag/bicycle_computer_v2/radio_files/pa_table" --include_path="C:/ti/ccsv6/tools/compiler/ti-cgt-arm_5.2.7/include" --include_path="C:/Users/katrin/Documents/GitHub/sensortag/bicycle_computer_v2/cc26xxware_2_22_00_16101/driverLib" --include_path="C:/Users/katrin/Documents/GitHub/sensortag/bicycle_computer_v2/radio_files" --include_path="C:/Users/katrin/Documents/GitHub/sensortag/bicycle_computer_v2/sensors" --include_path="C:/Users/katrin/Documents/GitHub/sensortag/bicycle_computer_v2/interfaces" -g --display_error_number --diag_warning=225 --diag_wrap=off --preproc_with_compile --preproc_dependency="cc26xxware_2_22_00_16101/startup_files/startup_ccs.pp" --obj_directory="cc26xxware_2_22_00_16101/startup_files"  "../cc26xxware_2_22_00_16101/startup_files/startup_ccs.c"
"../cc26xxware_2_22_00_16101/startup_files/startup_ccs.c", line 260: warning #174-D: external/internal linkage conflict with previous declaration
"../cc26xxware_2_22_00_16101/startup_files/startup_ccs.c", line 261: warning #174-D: external/internal linkage conflict with previous declaration
"../cc26xxware_2_22_00_16101/startup_files/startup_ccs.c", line 262: warning #174-D: external/internal linkage conflict with previous declaration
"../cc26xxware_2_22_00_16101/startup_files/startup_ccs.c", line 263: warning #174-D: external/internal linkage conflict with previous declaration
"../cc26xxware_2_22_00_16101/startup_files/startup_ccs.c", line 264: warning #174-D: external/internal linkage conflict with previous declaration
"../cc26xxware_2_22_00_16101/startup_files/startup_ccs.c", line 265: warning #174-D: external/internal linkage conflict with previous declaration
"../cc26xxware_2_22_00_16101/startup_files/startup_ccs.c", line 266: warning #174-D: external/internal linkage conflict with previous declaration
"../cc26xxware_2_22_00_16101/startup_files/startup_ccs.c", line 268: warning #174-D: external/internal linkage conflict with previous declaration
"../cc26xxware_2_22_00_16101/startup_files/startup_ccs.c", line 296: warning #174-D: external/internal linkage conflict with previous declaration
"../cc26xxware_2_22_00_16101/startup_files/startup_ccs.c", line 297: warning #174-D: external/internal linkage conflict with previous declaration
"../cc26xxware_2_22_00_16101/startup_files/startup_ccs.c", line 298: warning #174-D: external/internal linkage conflict with previous declaration
"../cc26xxware_2_22_00_16101/startup_files/startup_ccs.c", line 299: warning #174-D: external/internal linkage conflict with previous declaration
"../cc26xxware_2_22_00_16101/startup_files/startup_ccs.c", line 300: warning #174-D: external/internal linkage conflict with previous declaration
"../cc26xxware_2_22_00_16101/startup_files/startup_ccs.c", line 301: warning #174-D: external/internal linkage conflict with previous declaration
"../cc26xxware_2_22_00_16101/startup_files/startup_ccs.c", line 302: warning #174-D: external/internal linkage conflict with previous declaration
"../cc26xxware_2_22_00_16101/startup_files/startup_ccs.c", line 303: warning #174-D: external/internal linkage conflict with previous declaration
"../cc26xxware_2_22_00_16101/startup_files/startup_ccs.c", line 304: warning #174-D: external/internal linkage conflict with previous declaration
"../cc26xxware_2_22_00_16101/startup_files/startup_ccs.c", line 305: warning #174-D: external/internal linkage conflict with previous declaration
"../cc26xxware_2_22_00_16101/startup_files/startup_ccs.c", line 306: warning #174-D: external/internal linkage conflict with previous declaration
"../cc26xxware_2_22_00_16101/startup_files/startup_ccs.c", line 307: warning #174-D: external/internal linkage conflict with previous declaration
"../cc26xxware_2_22_00_16101/startup_files/startup_ccs.c", line 308: warning #174-D: external/internal linkage conflict with previous declaration
"../cc26xxware_2_22_00_16101/startup_files/startup_ccs.c", line 309: warning #174-D: external/internal linkage conflict with previous declaration
"../cc26xxware_2_22_00_16101/startup_files/startup_ccs.c", line 310: warning #174-D: external/internal linkage conflict with previous declaration
"../cc26xxware_2_22_00_16101/startup_files/startup_ccs.c", line 311: warning #174-D: external/internal linkage conflict with previous declaration
"../cc26xxware_2_22_00_16101/startup_files/startup_ccs.c", line 312: warning #174-D: external/internal linkage conflict with previous declaration
"../cc26xxware_2_22_00_16101/startup_files/startup_ccs.c", line 313: warning #174-D: external/internal linkage conflict with previous declaration
"../cc26xxware_2_22_00_16101/startup_files/startup_ccs.c", line 314: warning #174-D: external/internal linkage conflict with previous declaration
"../cc26xxware_2_22_00_16101/startup_files/startup_ccs.c", line 315: warning #174-D: external/internal linkage conflict with previous declaration
"../cc26xxware_2_22_00_16101/startup_files/startup_ccs.c", line 316: warning #174-D: external/internal linkage conflict with previous declaration
"../cc26xxware_2_22_00_16101/startup_files/startup_ccs.c", line 317: warning #174-D: external/internal linkage conflict with previous declaration
"../cc26xxware_2_22_00_16101/startup_files/startup_ccs.c", line 318: warning #174-D: external/internal linkage conflict with previous declaration
"../cc26xxware_2_22_00_16101/startup_files/startup_ccs.c", line 319: warning #174-D: external/internal linkage conflict with previous declaration
"../cc26xxware_2_22_00_16101/startup_files/startup_ccs.c", line 320: warning #174-D: external/internal linkage conflict with previous declaration
"../cc26xxware_2_22_00_16101/startup_files/startup_ccs.c", line 321: warning #174-D: external/internal linkage conflict with previous declaration
"../cc26xxware_2_22_00_16101/startup_files/startup_ccs.c", line 322: warning #174-D: external/internal linkage conflict with previous declaration
"../cc26xxware_2_22_00_16101/startup_files/startup_ccs.c", line 323: warning #174-D: external/internal linkage conflict with previous declaration
"../cc26xxware_2_22_00_16101/startup_files/startup_ccs.c", line 324: warning #174-D: external/internal linkage conflict with previous declaration
"../cc26xxware_2_22_00_16101/startup_files/startup_ccs.c", line 325: warning #174-D: external/internal linkage conflict with previous declaration
"../cc26xxware_2_22_00_16101/startup_files/startup_ccs.c", line 250: warning #179-D: function "IntDefaultHandler" was declared but never referenced
'Finished building: ../cc26xxware_2_22_00_16101/startup_files/startup_ccs.c'
' '
'Building file: ../cc26xxware_2_22_00_16101/driverLib/adi.c'
'Invoking: ARM Compiler'
"C:/ti/ccsv6/tools/compiler/ti-cgt-arm_5.2.7/bin/armcl" -mv7M3 --code_state=16 --abi=eabi -me --include_path="C:/Users/katrin/Documents/GitHub/sensortag/bicycle_computer_v2/cc26xxware_2_22_00_16101/startup_files" --include_path="C:/Users/katrin/Documents/GitHub/sensortag/bicycle_computer_v2/cc26xxware_2_22_00_16101/inc" --include_path="C:/Users/katrin/Documents/GitHub/sensortag/bicycle_computer_v2/cc26xxware_2_22_00_16101/utils" --include_path="C:/Users/katrin/Documents/GitHub/sensortag/bicycle_computer_v2/radio_files/pa_table" --include_path="C:/ti/ccsv6/tools/compiler/ti-cgt-arm_5.2.7/include" --include_path="C:/Users/katrin/Documents/GitHub/sensortag/bicycle_computer_v2/cc26xxware_2_22_00_16101/driverLib" --include_path="C:/Users/katrin/Documents/GitHub/sensortag/bicycle_computer_v2/radio_files" --include_path="C:/Users/katrin/Documents/GitHub/sensortag/bicycle_computer_v2/sensors" --include_path="C:/Users/katrin/Documents/GitHub/sensortag/bicycle_computer_v2/interfaces" -g --display_error_number --diag_warning=225 --diag_wrap=off --preproc_with_compile --preproc_dependency="cc26xxware_2_22_00_16101/driverLib/adi.pp" --obj_directory="cc26xxware_2_22_00_16101/driverLib"  "../cc26xxware_2_22_00_16101/driverLib/adi.c"
'Finished building: ../cc26xxware_2_22_00_16101/driverLib/adi.c'
' '
'Building file: ../cc26xxware_2_22_00_16101/driverLib/aon_batmon.c'
'Invoking: ARM Compiler'
"C:/ti/ccsv6/tools/compiler/ti-cgt-arm_5.2.7/bin/armcl" -mv7M3 --code_state=16 --abi=eabi -me --include_path="C:/Users/katrin/Documents/GitHub/sensortag/bicycle_computer_v2/cc26xxware_2_22_00_16101/startup_files" --include_path="C:/Users/katrin/Documents/GitHub/sensortag/bicycle_computer_v2/cc26xxware_2_22_00_16101/inc" --include_path="C:/Users/katrin/Documents/GitHub/sensortag/bicycle_computer_v2/cc26xxware_2_22_00_16101/utils" --include_path="C:/Users/katrin/Documents/GitHub/sensortag/bicycle_computer_v2/radio_files/pa_table" --include_path="C:/ti/ccsv6/tools/compiler/ti-cgt-arm_5.2.7/include" --include_path="C:/Users/katrin/Documents/GitHub/sensortag/bicycle_computer_v2/cc26xxware_2_22_00_16101/driverLib" --include_path="C:/Users/katrin/Documents/GitHub/sensortag/bicycle_computer_v2/radio_files" --include_path="C:/Users/katrin/Documents/GitHub/sensortag/bicycle_computer_v2/sensors" --include_path="C:/Users/katrin/Documents/GitHub/sensortag/bicycle_computer_v2/interfaces" -g --display_error_number --diag_warning=225 --diag_wrap=off --preproc_with_compile --preproc_dependency="cc26xxware_2_22_00_16101/driverLib/aon_batmon.pp" --obj_directory="cc26xxware_2_22_00_16101/driverLib"  "../cc26xxware_2_22_00_16101/driverLib/aon_batmon.c"
'Finished building: ../cc26xxware_2_22_00_16101/driverLib/aon_batmon.c'
' '
'Building file: ../cc26xxware_2_22_00_16101/driverLib/aon_event.c'
'Invoking: ARM Compiler'
"C:/ti/ccsv6/tools/compiler/ti-cgt-arm_5.2.7/bin/armcl" -mv7M3 --code_state=16 --abi=eabi -me --include_path="C:/Users/katrin/Documents/GitHub/sensortag/bicycle_computer_v2/cc26xxware_2_22_00_16101/startup_files" --include_path="C:/Users/katrin/Documents/GitHub/sensortag/bicycle_computer_v2/cc26xxware_2_22_00_16101/inc" --include_path="C:/Users/katrin/Documents/GitHub/sensortag/bicycle_computer_v2/cc26xxware_2_22_00_16101/utils" --include_path="C:/Users/katrin/Documents/GitHub/sensortag/bicycle_computer_v2/radio_files/pa_table" --include_path="C:/ti/ccsv6/tools/compiler/ti-cgt-arm_5.2.7/include" --include_path="C:/Users/katrin/Documents/GitHub/sensortag/bicycle_computer_v2/cc26xxware_2_22_00_16101/driverLib" --include_path="C:/Users/katrin/Documents/GitHub/sensortag/bicycle_computer_v2/radio_files" --include_path="C:/Users/katrin/Documents/GitHub/sensortag/bicycle_computer_v2/sensors" --include_path="C:/Users/katrin/Documents/GitHub/sensortag/bicycle_computer_v2/interfaces" -g --display_error_number --diag_warning=225 --diag_wrap=off --preproc_with_compile --preproc_dependency="cc26xxware_2_22_00_16101/driverLib/aon_event.pp" --obj_directory="cc26xxware_2_22_00_16101/driverLib"  "../cc26xxware_2_22_00_16101/driverLib/aon_event.c"
'Finished building: ../cc26xxware_2_22_00_16101/driverLib/aon_event.c'
' '
'Building file: ../cc26xxware_2_22_00_16101/driverLib/aon_ioc.c'
'Invoking: ARM Compiler'
"C:/ti/ccsv6/tools/compiler/ti-cgt-arm_5.2.7/bin/armcl" -mv7M3 --code_state=16 --abi=eabi -me --include_path="C:/Users/katrin/Documents/GitHub/sensortag/bicycle_computer_v2/cc26xxware_2_22_00_16101/startup_files" --include_path="C:/Users/katrin/Documents/GitHub/sensortag/bicycle_computer_v2/cc26xxware_2_22_00_16101/inc" --include_path="C:/Users/katrin/Documents/GitHub/sensortag/bicycle_computer_v2/cc26xxware_2_22_00_16101/utils" --include_path="C:/Users/katrin/Documents/GitHub/sensortag/bicycle_computer_v2/radio_files/pa_table" --include_path="C:/ti/ccsv6/tools/compiler/ti-cgt-arm_5.2.7/include" --include_path="C:/Users/katrin/Documents/GitHub/sensortag/bicycle_computer_v2/cc26xxware_2_22_00_16101/driverLib" --include_path="C:/Users/katrin/Documents/GitHub/sensortag/bicycle_computer_v2/radio_files" --include_path="C:/Users/katrin/Documents/GitHub/sensortag/bicycle_computer_v2/sensors" --include_path="C:/Users/katrin/Documents/GitHub/sensortag/bicycle_computer_v2/interfaces" -g --display_error_number --diag_warning=225 --diag_wrap=off --preproc_with_compile --preproc_dependency="cc26xxware_2_22_00_16101/driverLib/aon_ioc.pp" --obj_directory="cc26xxware_2_22_00_16101/driverLib"  "../cc26xxware_2_22_00_16101/driverLib/aon_ioc.c"
'Finished building: ../cc26xxware_2_22_00_16101/driverLib/aon_ioc.c'
' '
'Building file: ../cc26xxware_2_22_00_16101/driverLib/aon_rtc.c'
'Invoking: ARM Compiler'
"C:/ti/ccsv6/tools/compiler/ti-cgt-arm_5.2.7/bin/armcl" -mv7M3 --code_state=16 --abi=eabi -me --include_path="C:/Users/katrin/Documents/GitHub/sensortag/bicycle_computer_v2/cc26xxware_2_22_00_16101/startup_files" --include_path="C:/Users/katrin/Documents/GitHub/sensortag/bicycle_computer_v2/cc26xxware_2_22_00_16101/inc" --include_path="C:/Users/katrin/Documents/GitHub/sensortag/bicycle_computer_v2/cc26xxware_2_22_00_16101/utils" --include_path="C:/Users/katrin/Documents/GitHub/sensortag/bicycle_computer_v2/radio_files/pa_table" --include_path="C:/ti/ccsv6/tools/compiler/ti-cgt-arm_5.2.7/include" --include_path="C:/Users/katrin/Documents/GitHub/sensortag/bicycle_computer_v2/cc26xxware_2_22_00_16101/driverLib" --include_path="C:/Users/katrin/Documents/GitHub/sensortag/bicycle_computer_v2/radio_files" --include_path="C:/Users/katrin/Documents/GitHub/sensortag/bicycle_computer_v2/sensors" --include_path="C:/Users/katrin/Documents/GitHub/sensortag/bicycle_computer_v2/interfaces" -g --display_error_number --diag_warning=225 --diag_wrap=off --preproc_with_compile --preproc_dependency="cc26xxware_2_22_00_16101/driverLib/aon_rtc.pp" --obj_directory="cc26xxware_2_22_00_16101/driverLib"  "../cc26xxware_2_22_00_16101/driverLib/aon_rtc.c"
'Finished building: ../cc26xxware_2_22_00_16101/driverLib/aon_rtc.c'
' '
'Building file: ../cc26xxware_2_22_00_16101/driverLib/aon_wuc.c'
'Invoking: ARM Compiler'
"C:/ti/ccsv6/tools/compiler/ti-cgt-arm_5.2.7/bin/armcl" -mv7M3 --code_state=16 --abi=eabi -me --include_path="C:/Users/katrin/Documents/GitHub/sensortag/bicycle_computer_v2/cc26xxware_2_22_00_16101/startup_files" --include_path="C:/Users/katrin/Documents/GitHub/sensortag/bicycle_computer_v2/cc26xxware_2_22_00_16101/inc" --include_path="C:/Users/katrin/Documents/GitHub/sensortag/bicycle_computer_v2/cc26xxware_2_22_00_16101/utils" --include_path="C:/Users/katrin/Documents/GitHub/sensortag/bicycle_computer_v2/radio_files/pa_table" --include_path="C:/ti/ccsv6/tools/compiler/ti-cgt-arm_5.2.7/include" --include_path="C:/Users/katrin/Documents/GitHub/sensortag/bicycle_computer_v2/cc26xxware_2_22_00_16101/driverLib" --include_path="C:/Users/katrin/Documents/GitHub/sensortag/bicycle_computer_v2/radio_files" --include_path="C:/Users/katrin/Documents/GitHub/sensortag/bicycle_computer_v2/sensors" --include_path="C:/Users/katrin/Documents/GitHub/sensortag/bicycle_computer_v2/interfaces" -g --display_error_number --diag_warning=225 --diag_wrap=off --preproc_with_compile --preproc_dependency="cc26xxware_2_22_00_16101/driverLib/aon_wuc.pp" --obj_directory="cc26xxware_2_22_00_16101/driverLib"  "../cc26xxware_2_22_00_16101/driverLib/aon_wuc.c"
'Finished building: ../cc26xxware_2_22_00_16101/driverLib/aon_wuc.c'
' '
'Building file: ../cc26xxware_2_22_00_16101/driverLib/aux_adc.c'
'Invoking: ARM Compiler'
"C:/ti/ccsv6/tools/compiler/ti-cgt-arm_5.2.7/bin/armcl" -mv7M3 --code_state=16 --abi=eabi -me --include_path="C:/Users/katrin/Documents/GitHub/sensortag/bicycle_computer_v2/cc26xxware_2_22_00_16101/startup_files" --include_path="C:/Users/katrin/Documents/GitHub/sensortag/bicycle_computer_v2/cc26xxware_2_22_00_16101/inc" --include_path="C:/Users/katrin/Documents/GitHub/sensortag/bicycle_computer_v2/cc26xxware_2_22_00_16101/utils" --include_path="C:/Users/katrin/Documents/GitHub/sensortag/bicycle_computer_v2/radio_files/pa_table" --include_path="C:/ti/ccsv6/tools/compiler/ti-cgt-arm_5.2.7/include" --include_path="C:/Users/katrin/Documents/GitHub/sensortag/bicycle_computer_v2/cc26xxware_2_22_00_16101/driverLib" --include_path="C:/Users/katrin/Documents/GitHub/sensortag/bicycle_computer_v2/radio_files" --include_path="C:/Users/katrin/Documents/GitHub/sensortag/bicycle_computer_v2/sensors" --include_path="C:/Users/katrin/Documents/GitHub/sensortag/bicycle_computer_v2/interfaces" -g --display_error_number --diag_warning=225 --diag_wrap=off --preproc_with_compile --preproc_dependency="cc26xxware_2_22_00_16101/driverLib/aux_adc.pp" --obj_directory="cc26xxware_2_22_00_16101/driverLib"  "../cc26xxware_2_22_00_16101/driverLib/aux_adc.c"
'Finished building: ../cc26xxware_2_22_00_16101/driverLib/aux_adc.c'
' '
'Building file: ../cc26xxware_2_22_00_16101/driverLib/aux_smph.c'
'Invoking: ARM Compiler'
"C:/ti/ccsv6/tools/compiler/ti-cgt-arm_5.2.7/bin/armcl" -mv7M3 --code_state=16 --abi=eabi -me --include_path="C:/Users/katrin/Documents/GitHub/sensortag/bicycle_computer_v2/cc26xxware_2_22_00_16101/startup_files" --include_path="C:/Users/katrin/Documents/GitHub/sensortag/bicycle_computer_v2/cc26xxware_2_22_00_16101/inc" --include_path="C:/Users/katrin/Documents/GitHub/sensortag/bicycle_computer_v2/cc26xxware_2_22_00_16101/utils" --include_path="C:/Users/katrin/Documents/GitHub/sensortag/bicycle_computer_v2/radio_files/pa_table" --include_path="C:/ti/ccsv6/tools/compiler/ti-cgt-arm_5.2.7/include" --include_path="C:/Users/katrin/Documents/GitHub/sensortag/bicycle_computer_v2/cc26xxware_2_22_00_16101/driverLib" --include_path="C:/Users/katrin/Documents/GitHub/sensortag/bicycle_computer_v2/radio_files" --include_path="C:/Users/katrin/Documents/GitHub/sensortag/bicycle_computer_v2/sensors" --include_path="C:/Users/katrin/Documents/GitHub/sensortag/bicycle_computer_v2/interfaces" -g --display_error_number --diag_warning=225 --diag_wrap=off --preproc_with_compile --preproc_dependency="cc26xxware_2_22_00_16101/driverLib/aux_smph.pp" --obj_directory="cc26xxware_2_22_00_16101/driverLib"  "../cc26xxware_2_22_00_16101/driverLib/aux_smph.c"
'Finished building: ../cc26xxware_2_22_00_16101/driverLib/aux_smph.c'
' '
'Building file: ../cc26xxware_2_22_00_16101/driverLib/aux_tdc.c'
'Invoking: ARM Compiler'
"C:/ti/ccsv6/tools/compiler/ti-cgt-arm_5.2.7/bin/armcl" -mv7M3 --code_state=16 --abi=eabi -me --include_path="C:/Users/katrin/Documents/GitHub/sensortag/bicycle_computer_v2/cc26xxware_2_22_00_16101/startup_files" --include_path="C:/Users/katrin/Documents/GitHub/sensortag/bicycle_computer_v2/cc26xxware_2_22_00_16101/inc" --include_path="C:/Users/katrin/Documents/GitHub/sensortag/bicycle_computer_v2/cc26xxware_2_22_00_16101/utils" --include_path="C:/Users/katrin/Documents/GitHub/sensortag/bicycle_computer_v2/radio_files/pa_table" --include_path="C:/ti/ccsv6/tools/compiler/ti-cgt-arm_5.2.7/include" --include_path="C:/Users/katrin/Documents/GitHub/sensortag/bicycle_computer_v2/cc26xxware_2_22_00_16101/driverLib" --include_path="C:/Users/katrin/Documents/GitHub/sensortag/bicycle_computer_v2/radio_files" --include_path="C:/Users/katrin/Documents/GitHub/sensortag/bicycle_computer_v2/sensors" --include_path="C:/Users/katrin/Documents/GitHub/sensortag/bicycle_computer_v2/interfaces" -g --display_error_number --diag_warning=225 --diag_wrap=off --preproc_with_compile --preproc_dependency="cc26xxware_2_22_00_16101/driverLib/aux_tdc.pp" --obj_directory="cc26xxware_2_22_00_16101/driverLib"  "../cc26xxware_2_22_00_16101/driverLib/aux_tdc.c"
'Finished building: ../cc26xxware_2_22_00_16101/driverLib/aux_tdc.c'
' '
'Building file: ../cc26xxware_2_22_00_16101/driverLib/aux_timer.c'
'Invoking: ARM Compiler'
"C:/ti/ccsv6/tools/compiler/ti-cgt-arm_5.2.7/bin/armcl" -mv7M3 --code_state=16 --abi=eabi -me --include_path="C:/Users/katrin/Documents/GitHub/sensortag/bicycle_computer_v2/cc26xxware_2_22_00_16101/startup_files" --include_path="C:/Users/katrin/Documents/GitHub/sensortag/bicycle_computer_v2/cc26xxware_2_22_00_16101/inc" --include_path="C:/Users/katrin/Documents/GitHub/sensortag/bicycle_computer_v2/cc26xxware_2_22_00_16101/utils" --include_path="C:/Users/katrin/Documents/GitHub/sensortag/bicycle_computer_v2/radio_files/pa_table" --include_path="C:/ti/ccsv6/tools/compiler/ti-cgt-arm_5.2.7/include" --include_path="C:/Users/katrin/Documents/GitHub/sensortag/bicycle_computer_v2/cc26xxware_2_22_00_16101/driverLib" --include_path="C:/Users/katrin/Documents/GitHub/sensortag/bicycle_computer_v2/radio_files" --include_path="C:/Users/katrin/Documents/GitHub/sensortag/bicycle_computer_v2/sensors" --include_path="C:/Users/katrin/Documents/GitHub/sensortag/bicycle_computer_v2/interfaces" -g --display_error_number --diag_warning=225 --diag_wrap=off --preproc_with_compile --preproc_dependency="cc26xxware_2_22_00_16101/driverLib/aux_timer.pp" --obj_directory="cc26xxware_2_22_00_16101/driverLib"  "../cc26xxware_2_22_00_16101/driverLib/aux_timer.c"
'Finished building: ../cc26xxware_2_22_00_16101/driverLib/aux_timer.c'
' '
'Building file: ../cc26xxware_2_22_00_16101/driverLib/aux_wuc.c'
'Invoking: ARM Compiler'
"C:/ti/ccsv6/tools/compiler/ti-cgt-arm_5.2.7/bin/armcl" -mv7M3 --code_state=16 --abi=eabi -me --include_path="C:/Users/katrin/Documents/GitHub/sensortag/bicycle_computer_v2/cc26xxware_2_22_00_16101/startup_files" --include_path="C:/Users/katrin/Documents/GitHub/sensortag/bicycle_computer_v2/cc26xxware_2_22_00_16101/inc" --include_path="C:/Users/katrin/Documents/GitHub/sensortag/bicycle_computer_v2/cc26xxware_2_22_00_16101/utils" --include_path="C:/Users/katrin/Documents/GitHub/sensortag/bicycle_computer_v2/radio_files/pa_table" --include_path="C:/ti/ccsv6/tools/compiler/ti-cgt-arm_5.2.7/include" --include_path="C:/Users/katrin/Documents/GitHub/sensortag/bicycle_computer_v2/cc26xxware_2_22_00_16101/driverLib" --include_path="C:/Users/katrin/Documents/GitHub/sensortag/bicycle_computer_v2/radio_files" --include_path="C:/Users/katrin/Documents/GitHub/sensortag/bicycle_computer_v2/sensors" --include_path="C:/Users/katrin/Documents/GitHub/sensortag/bicycle_computer_v2/interfaces" -g --display_error_number --diag_warning=225 --diag_wrap=off --preproc_with_compile --preproc_dependency="cc26xxware_2_22_00_16101/driverLib/aux_wuc.pp" --obj_directory="cc26xxware_2_22_00_16101/driverLib"  "../cc26xxware_2_22_00_16101/driverLib/aux_wuc.c"
'Finished building: ../cc26xxware_2_22_00_16101/driverLib/aux_wuc.c'
' '
'Building file: ../cc26xxware_2_22_00_16101/driverLib/ccfgread.c'
'Invoking: ARM Compiler'
"C:/ti/ccsv6/tools/compiler/ti-cgt-arm_5.2.7/bin/armcl" -mv7M3 --code_state=16 --abi=eabi -me --include_path="C:/Users/katrin/Documents/GitHub/sensortag/bicycle_computer_v2/cc26xxware_2_22_00_16101/startup_files" --include_path="C:/Users/katrin/Documents/GitHub/sensortag/bicycle_computer_v2/cc26xxware_2_22_00_16101/inc" --include_path="C:/Users/katrin/Documents/GitHub/sensortag/bicycle_computer_v2/cc26xxware_2_22_00_16101/utils" --include_path="C:/Users/katrin/Documents/GitHub/sensortag/bicycle_computer_v2/radio_files/pa_table" --include_path="C:/ti/ccsv6/tools/compiler/ti-cgt-arm_5.2.7/include" --include_path="C:/Users/katrin/Documents/GitHub/sensortag/bicycle_computer_v2/cc26xxware_2_22_00_16101/driverLib" --include_path="C:/Users/katrin/Documents/GitHub/sensortag/bicycle_computer_v2/radio_files" --include_path="C:/Users/katrin/Documents/GitHub/sensortag/bicycle_computer_v2/sensors" --include_path="C:/Users/katrin/Documents/GitHub/sensortag/bicycle_computer_v2/interfaces" -g --display_error_number --diag_warning=225 --diag_wrap=off --preproc_with_compile --preproc_dependency="cc26xxware_2_22_00_16101/driverLib/ccfgread.pp" --obj_directory="cc26xxware_2_22_00_16101/driverLib"  "../cc26xxware_2_22_00_16101/driverLib/ccfgread.c"
'Finished building: ../cc26xxware_2_22_00_16101/driverLib/ccfgread.c'
' '
'Building file: ../cc26xxware_2_22_00_16101/driverLib/chipinfo.c'
'Invoking: ARM Compiler'
"C:/ti/ccsv6/tools/compiler/ti-cgt-arm_5.2.7/bin/armcl" -mv7M3 --code_state=16 --abi=eabi -me --include_path="C:/Users/katrin/Documents/GitHub/sensortag/bicycle_computer_v2/cc26xxware_2_22_00_16101/startup_files" --include_path="C:/Users/katrin/Documents/GitHub/sensortag/bicycle_computer_v2/cc26xxware_2_22_00_16101/inc" --include_path="C:/Users/katrin/Documents/GitHub/sensortag/bicycle_computer_v2/cc26xxware_2_22_00_16101/utils" --include_path="C:/Users/katrin/Documents/GitHub/sensortag/bicycle_computer_v2/radio_files/pa_table" --include_path="C:/ti/ccsv6/tools/compiler/ti-cgt-arm_5.2.7/include" --include_path="C:/Users/katrin/Documents/GitHub/sensortag/bicycle_computer_v2/cc26xxware_2_22_00_16101/driverLib" --include_path="C:/Users/katrin/Documents/GitHub/sensortag/bicycle_computer_v2/radio_files" --include_path="C:/Users/katrin/Documents/GitHub/sensortag/bicycle_computer_v2/sensors" --include_path="C:/Users/katrin/Documents/GitHub/sensortag/bicycle_computer_v2/interfaces" -g --display_error_number --diag_warning=225 --diag_wrap=off --preproc_with_compile --preproc_dependency="cc26xxware_2_22_00_16101/driverLib/chipinfo.pp" --obj_directory="cc26xxware_2_22_00_16101/driverLib"  "../cc26xxware_2_22_00_16101/driverLib/chipinfo.c"
'Finished building: ../cc26xxware_2_22_00_16101/driverLib/chipinfo.c'
' '
'Building file: ../cc26xxware_2_22_00_16101/driverLib/cpu.c'
'Invoking: ARM Compiler'
"C:/ti/ccsv6/tools/compiler/ti-cgt-arm_5.2.7/bin/armcl" -mv7M3 --code_state=16 --abi=eabi -me --include_path="C:/Users/katrin/Documents/GitHub/sensortag/bicycle_computer_v2/cc26xxware_2_22_00_16101/startup_files" --include_path="C:/Users/katrin/Documents/GitHub/sensortag/bicycle_computer_v2/cc26xxware_2_22_00_16101/inc" --include_path="C:/Users/katrin/Documents/GitHub/sensortag/bicycle_computer_v2/cc26xxware_2_22_00_16101/utils" --include_path="C:/Users/katrin/Documents/GitHub/sensortag/bicycle_computer_v2/radio_files/pa_table" --include_path="C:/ti/ccsv6/tools/compiler/ti-cgt-arm_5.2.7/include" --include_path="C:/Users/katrin/Documents/GitHub/sensortag/bicycle_computer_v2/cc26xxware_2_22_00_16101/driverLib" --include_path="C:/Users/katrin/Documents/GitHub/sensortag/bicycle_computer_v2/radio_files" --include_path="C:/Users/katrin/Documents/GitHub/sensortag/bicycle_computer_v2/sensors" --include_path="C:/Users/katrin/Documents/GitHub/sensortag/bicycle_computer_v2/interfaces" -g --display_error_number --diag_warning=225 --diag_wrap=off --preproc_with_compile --preproc_dependency="cc26xxware_2_22_00_16101/driverLib/cpu.pp" --obj_directory="cc26xxware_2_22_00_16101/driverLib"  "../cc26xxware_2_22_00_16101/driverLib/cpu.c"
'Finished building: ../cc26xxware_2_22_00_16101/driverLib/cpu.c'
' '
'Building file: ../cc26xxware_2_22_00_16101/driverLib/crypto.c'
'Invoking: ARM Compiler'
"C:/ti/ccsv6/tools/compiler/ti-cgt-arm_5.2.7/bin/armcl" -mv7M3 --code_state=16 --abi=eabi -me --include_path="C:/Users/katrin/Documents/GitHub/sensortag/bicycle_computer_v2/cc26xxware_2_22_00_16101/startup_files" --include_path="C:/Users/katrin/Documents/GitHub/sensortag/bicycle_computer_v2/cc26xxware_2_22_00_16101/inc" --include_path="C:/Users/katrin/Documents/GitHub/sensortag/bicycle_computer_v2/cc26xxware_2_22_00_16101/utils" --include_path="C:/Users/katrin/Documents/GitHub/sensortag/bicycle_computer_v2/radio_files/pa_table" --include_path="C:/ti/ccsv6/tools/compiler/ti-cgt-arm_5.2.7/include" --include_path="C:/Users/katrin/Documents/GitHub/sensortag/bicycle_computer_v2/cc26xxware_2_22_00_16101/driverLib" --include_path="C:/Users/katrin/Documents/GitHub/sensortag/bicycle_computer_v2/radio_files" --include_path="C:/Users/katrin/Documents/GitHub/sensortag/bicycle_computer_v2/sensors" --include_path="C:/Users/katrin/Documents/GitHub/sensortag/bicycle_computer_v2/interfaces" -g --display_error_number --diag_warning=225 --diag_wrap=off --preproc_with_compile --preproc_dependency="cc26xxware_2_22_00_16101/driverLib/crypto.pp" --obj_directory="cc26xxware_2_22_00_16101/driverLib"  "../cc26xxware_2_22_00_16101/driverLib/crypto.c"
'Finished building: ../cc26xxware_2_22_00_16101/driverLib/crypto.c'
' '
'Building file: ../cc26xxware_2_22_00_16101/driverLib/ddi.c'
'Invoking: ARM Compiler'
"C:/ti/ccsv6/tools/compiler/ti-cgt-arm_5.2.7/bin/armcl" -mv7M3 --code_state=16 --abi=eabi -me --include_path="C:/Users/katrin/Documents/GitHub/sensortag/bicycle_computer_v2/cc26xxware_2_22_00_16101/startup_files" --include_path="C:/Users/katrin/Documents/GitHub/sensortag/bicycle_computer_v2/cc26xxware_2_22_00_16101/inc" --include_path="C:/Users/katrin/Documents/GitHub/sensortag/bicycle_computer_v2/cc26xxware_2_22_00_16101/utils" --include_path="C:/Users/katrin/Documents/GitHub/sensortag/bicycle_computer_v2/radio_files/pa_table" --include_path="C:/ti/ccsv6/tools/compiler/ti-cgt-arm_5.2.7/include" --include_path="C:/Users/katrin/Documents/GitHub/sensortag/bicycle_computer_v2/cc26xxware_2_22_00_16101/driverLib" --include_path="C:/Users/katrin/Documents/GitHub/sensortag/bicycle_computer_v2/radio_files" --include_path="C:/Users/katrin/Documents/GitHub/sensortag/bicycle_computer_v2/sensors" --include_path="C:/Users/katrin/Documents/GitHub/sensortag/bicycle_computer_v2/interfaces" -g --display_error_number --diag_warning=225 --diag_wrap=off --preproc_with_compile --preproc_dependency="cc26xxware_2_22_00_16101/driverLib/ddi.pp" --obj_directory="cc26xxware_2_22_00_16101/driverLib"  "../cc26xxware_2_22_00_16101/driverLib/ddi.c"
'Finished building: ../cc26xxware_2_22_00_16101/driverLib/ddi.c'
' '
'Building file: ../cc26xxware_2_22_00_16101/driverLib/debug.c'
'Invoking: ARM Compiler'
"C:/ti/ccsv6/tools/compiler/ti-cgt-arm_5.2.7/bin/armcl" -mv7M3 --code_state=16 --abi=eabi -me --include_path="C:/Users/katrin/Documents/GitHub/sensortag/bicycle_computer_v2/cc26xxware_2_22_00_16101/startup_files" --include_path="C:/Users/katrin/Documents/GitHub/sensortag/bicycle_computer_v2/cc26xxware_2_22_00_16101/inc" --include_path="C:/Users/katrin/Documents/GitHub/sensortag/bicycle_computer_v2/cc26xxware_2_22_00_16101/utils" --include_path="C:/Users/katrin/Documents/GitHub/sensortag/bicycle_computer_v2/radio_files/pa_table" --include_path="C:/ti/ccsv6/tools/compiler/ti-cgt-arm_5.2.7/include" --include_path="C:/Users/katrin/Documents/GitHub/sensortag/bicycle_computer_v2/cc26xxware_2_22_00_16101/driverLib" --include_path="C:/Users/katrin/Documents/GitHub/sensortag/bicycle_computer_v2/radio_files" --include_path="C:/Users/katrin/Documents/GitHub/sensortag/bicycle_computer_v2/sensors" --include_path="C:/Users/katrin/Documents/GitHub/sensortag/bicycle_computer_v2/interfaces" -g --display_error_number --diag_warning=225 --diag_wrap=off --preproc_with_compile --preproc_dependency="cc26xxware_2_22_00_16101/driverLib/debug.pp" --obj_directory="cc26xxware_2_22_00_16101/driverLib"  "../cc26xxware_2_22_00_16101/driverLib/debug.c"
'Finished building: ../cc26xxware_2_22_00_16101/driverLib/debug.c'
' '
'Building file: ../cc26xxware_2_22_00_16101/driverLib/driverlib_release.c'
'Invoking: ARM Compiler'
"C:/ti/ccsv6/tools/compiler/ti-cgt-arm_5.2.7/bin/armcl" -mv7M3 --code_state=16 --abi=eabi -me --include_path="C:/Users/katrin/Documents/GitHub/sensortag/bicycle_computer_v2/cc26xxware_2_22_00_16101/startup_files" --include_path="C:/Users/katrin/Documents/GitHub/sensortag/bicycle_computer_v2/cc26xxware_2_22_00_16101/inc" --include_path="C:/Users/katrin/Documents/GitHub/sensortag/bicycle_computer_v2/cc26xxware_2_22_00_16101/utils" --include_path="C:/Users/katrin/Documents/GitHub/sensortag/bicycle_computer_v2/radio_files/pa_table" --include_path="C:/ti/ccsv6/tools/compiler/ti-cgt-arm_5.2.7/include" --include_path="C:/Users/katrin/Documents/GitHub/sensortag/bicycle_computer_v2/cc26xxware_2_22_00_16101/driverLib" --include_path="C:/Users/katrin/Documents/GitHub/sensortag/bicycle_computer_v2/radio_files" --include_path="C:/Users/katrin/Documents/GitHub/sensortag/bicycle_computer_v2/sensors" --include_path="C:/Users/katrin/Documents/GitHub/sensortag/bicycle_computer_v2/interfaces" -g --display_error_number --diag_warning=225 --diag_wrap=off --preproc_with_compile --preproc_dependency="cc26xxware_2_22_00_16101/driverLib/driverlib_release.pp" --obj_directory="cc26xxware_2_22_00_16101/driverLib"  "../cc26xxware_2_22_00_16101/driverLib/driverlib_release.c"
'Finished building: ../cc26xxware_2_22_00_16101/driverLib/driverlib_release.c'
' '
'Building file: ../cc26xxware_2_22_00_16101/driverLib/event.c'
'Invoking: ARM Compiler'
"C:/ti/ccsv6/tools/compiler/ti-cgt-arm_5.2.7/bin/armcl" -mv7M3 --code_state=16 --abi=eabi -me --include_path="C:/Users/katrin/Documents/GitHub/sensortag/bicycle_computer_v2/cc26xxware_2_22_00_16101/startup_files" --include_path="C:/Users/katrin/Documents/GitHub/sensortag/bicycle_computer_v2/cc26xxware_2_22_00_16101/inc" --include_path="C:/Users/katrin/Documents/GitHub/sensortag/bicycle_computer_v2/cc26xxware_2_22_00_16101/utils" --include_path="C:/Users/katrin/Documents/GitHub/sensortag/bicycle_computer_v2/radio_files/pa_table" --include_path="C:/ti/ccsv6/tools/compiler/ti-cgt-arm_5.2.7/include" --include_path="C:/Users/katrin/Documents/GitHub/sensortag/bicycle_computer_v2/cc26xxware_2_22_00_16101/driverLib" --include_path="C:/Users/katrin/Documents/GitHub/sensortag/bicycle_computer_v2/radio_files" --include_path="C:/Users/katrin/Documents/GitHub/sensortag/bicycle_computer_v2/sensors" --include_path="C:/Users/katrin/Documents/GitHub/sensortag/bicycle_computer_v2/interfaces" -g --display_error_number --diag_warning=225 --diag_wrap=off --preproc_with_compile --preproc_dependency="cc26xxware_2_22_00_16101/driverLib/event.pp" --obj_directory="cc26xxware_2_22_00_16101/driverLib"  "../cc26xxware_2_22_00_16101/driverLib/event.c"
'Finished building: ../cc26xxware_2_22_00_16101/driverLib/event.c'
' '
'Building file: ../cc26xxware_2_22_00_16101/driverLib/flash.c'
'Invoking: ARM Compiler'
"C:/ti/ccsv6/tools/compiler/ti-cgt-arm_5.2.7/bin/armcl" -mv7M3 --code_state=16 --abi=eabi -me --include_path="C:/Users/katrin/Documents/GitHub/sensortag/bicycle_computer_v2/cc26xxware_2_22_00_16101/startup_files" --include_path="C:/Users/katrin/Documents/GitHub/sensortag/bicycle_computer_v2/cc26xxware_2_22_00_16101/inc" --include_path="C:/Users/katrin/Documents/GitHub/sensortag/bicycle_computer_v2/cc26xxware_2_22_00_16101/utils" --include_path="C:/Users/katrin/Documents/GitHub/sensortag/bicycle_computer_v2/radio_files/pa_table" --include_path="C:/ti/ccsv6/tools/compiler/ti-cgt-arm_5.2.7/include" --include_path="C:/Users/katrin/Documents/GitHub/sensortag/bicycle_computer_v2/cc26xxware_2_22_00_16101/driverLib" --include_path="C:/Users/katrin/Documents/GitHub/sensortag/bicycle_computer_v2/radio_files" --include_path="C:/Users/katrin/Documents/GitHub/sensortag/bicycle_computer_v2/sensors" --include_path="C:/Users/katrin/Documents/GitHub/sensortag/bicycle_computer_v2/interfaces" -g --display_error_number --diag_warning=225 --diag_wrap=off --preproc_with_compile --preproc_dependency="cc26xxware_2_22_00_16101/driverLib/flash.pp" --obj_directory="cc26xxware_2_22_00_16101/driverLib"  "../cc26xxware_2_22_00_16101/driverLib/flash.c"
'Finished building: ../cc26xxware_2_22_00_16101/driverLib/flash.c'
' '
'Building file: ../cc26xxware_2_22_00_16101/driverLib/flashsafe.c'
'Invoking: ARM Compiler'
"C:/ti/ccsv6/tools/compiler/ti-cgt-arm_5.2.7/bin/armcl" -mv7M3 --code_state=16 --abi=eabi -me --include_path="C:/Users/katrin/Documents/GitHub/sensortag/bicycle_computer_v2/cc26xxware_2_22_00_16101/startup_files" --include_path="C:/Users/katrin/Documents/GitHub/sensortag/bicycle_computer_v2/cc26xxware_2_22_00_16101/inc" --include_path="C:/Users/katrin/Documents/GitHub/sensortag/bicycle_computer_v2/cc26xxware_2_22_00_16101/utils" --include_path="C:/Users/katrin/Documents/GitHub/sensortag/bicycle_computer_v2/radio_files/pa_table" --include_path="C:/ti/ccsv6/tools/compiler/ti-cgt-arm_5.2.7/include" --include_path="C:/Users/katrin/Documents/GitHub/sensortag/bicycle_computer_v2/cc26xxware_2_22_00_16101/driverLib" --include_path="C:/Users/katrin/Documents/GitHub/sensortag/bicycle_computer_v2/radio_files" --include_path="C:/Users/katrin/Documents/GitHub/sensortag/bicycle_computer_v2/sensors" --include_path="C:/Users/katrin/Documents/GitHub/sensortag/bicycle_computer_v2/interfaces" -g --display_error_number --diag_warning=225 --diag_wrap=off --preproc_with_compile --preproc_dependency="cc26xxware_2_22_00_16101/driverLib/flashsafe.pp" --obj_directory="cc26xxware_2_22_00_16101/driverLib"  "../cc26xxware_2_22_00_16101/driverLib/flashsafe.c"
'Finished building: ../cc26xxware_2_22_00_16101/driverLib/flashsafe.c'
' '
'Building file: ../cc26xxware_2_22_00_16101/driverLib/gpio.c'
'Invoking: ARM Compiler'
"C:/ti/ccsv6/tools/compiler/ti-cgt-arm_5.2.7/bin/armcl" -mv7M3 --code_state=16 --abi=eabi -me --include_path="C:/Users/katrin/Documents/GitHub/sensortag/bicycle_computer_v2/cc26xxware_2_22_00_16101/startup_files" --include_path="C:/Users/katrin/Documents/GitHub/sensortag/bicycle_computer_v2/cc26xxware_2_22_00_16101/inc" --include_path="C:/Users/katrin/Documents/GitHub/sensortag/bicycle_computer_v2/cc26xxware_2_22_00_16101/utils" --include_path="C:/Users/katrin/Documents/GitHub/sensortag/bicycle_computer_v2/radio_files/pa_table" --include_path="C:/ti/ccsv6/tools/compiler/ti-cgt-arm_5.2.7/include" --include_path="C:/Users/katrin/Documents/GitHub/sensortag/bicycle_computer_v2/cc26xxware_2_22_00_16101/driverLib" --include_path="C:/Users/katrin/Documents/GitHub/sensortag/bicycle_computer_v2/radio_files" --include_path="C:/Users/katrin/Documents/GitHub/sensortag/bicycle_computer_v2/sensors" --include_path="C:/Users/katrin/Documents/GitHub/sensortag/bicycle_computer_v2/interfaces" -g --display_error_number --diag_warning=225 --diag_wrap=off --preproc_with_compile --preproc_dependency="cc26xxware_2_22_00_16101/driverLib/gpio.pp" --obj_directory="cc26xxware_2_22_00_16101/driverLib"  "../cc26xxware_2_22_00_16101/driverLib/gpio.c"
'Finished building: ../cc26xxware_2_22_00_16101/driverLib/gpio.c'
' '
'Building file: ../cc26xxware_2_22_00_16101/driverLib/i2c.c'
'Invoking: ARM Compiler'
"C:/ti/ccsv6/tools/compiler/ti-cgt-arm_5.2.7/bin/armcl" -mv7M3 --code_state=16 --abi=eabi -me --include_path="C:/Users/katrin/Documents/GitHub/sensortag/bicycle_computer_v2/cc26xxware_2_22_00_16101/startup_files" --include_path="C:/Users/katrin/Documents/GitHub/sensortag/bicycle_computer_v2/cc26xxware_2_22_00_16101/inc" --include_path="C:/Users/katrin/Documents/GitHub/sensortag/bicycle_computer_v2/cc26xxware_2_22_00_16101/utils" --include_path="C:/Users/katrin/Documents/GitHub/sensortag/bicycle_computer_v2/radio_files/pa_table" --include_path="C:/ti/ccsv6/tools/compiler/ti-cgt-arm_5.2.7/include" --include_path="C:/Users/katrin/Documents/GitHub/sensortag/bicycle_computer_v2/cc26xxware_2_22_00_16101/driverLib" --include_path="C:/Users/katrin/Documents/GitHub/sensortag/bicycle_computer_v2/radio_files" --include_path="C:/Users/katrin/Documents/GitHub/sensortag/bicycle_computer_v2/sensors" --include_path="C:/Users/katrin/Documents/GitHub/sensortag/bicycle_computer_v2/interfaces" -g --display_error_number --diag_warning=225 --diag_wrap=off --preproc_with_compile --preproc_dependency="cc26xxware_2_22_00_16101/driverLib/i2c.pp" --obj_directory="cc26xxware_2_22_00_16101/driverLib"  "../cc26xxware_2_22_00_16101/driverLib/i2c.c"
'Finished building: ../cc26xxware_2_22_00_16101/driverLib/i2c.c'
' '
'Building file: ../cc26xxware_2_22_00_16101/driverLib/i2s.c'
'Invoking: ARM Compiler'
"C:/ti/ccsv6/tools/compiler/ti-cgt-arm_5.2.7/bin/armcl" -mv7M3 --code_state=16 --abi=eabi -me --include_path="C:/Users/katrin/Documents/GitHub/sensortag/bicycle_computer_v2/cc26xxware_2_22_00_16101/startup_files" --include_path="C:/Users/katrin/Documents/GitHub/sensortag/bicycle_computer_v2/cc26xxware_2_22_00_16101/inc" --include_path="C:/Users/katrin/Documents/GitHub/sensortag/bicycle_computer_v2/cc26xxware_2_22_00_16101/utils" --include_path="C:/Users/katrin/Documents/GitHub/sensortag/bicycle_computer_v2/radio_files/pa_table" --include_path="C:/ti/ccsv6/tools/compiler/ti-cgt-arm_5.2.7/include" --include_path="C:/Users/katrin/Documents/GitHub/sensortag/bicycle_computer_v2/cc26xxware_2_22_00_16101/driverLib" --include_path="C:/Users/katrin/Documents/GitHub/sensortag/bicycle_computer_v2/radio_files" --include_path="C:/Users/katrin/Documents/GitHub/sensortag/bicycle_computer_v2/sensors" --include_path="C:/Users/katrin/Documents/GitHub/sensortag/bicycle_computer_v2/interfaces" -g --display_error_number --diag_warning=225 --diag_wrap=off --preproc_with_compile --preproc_dependency="cc26xxware_2_22_00_16101/driverLib/i2s.pp" --obj_directory="cc26xxware_2_22_00_16101/driverLib"  "../cc26xxware_2_22_00_16101/driverLib/i2s.c"
'Finished building: ../cc26xxware_2_22_00_16101/driverLib/i2s.c'
' '
'Building file: ../cc26xxware_2_22_00_16101/driverLib/interrupt.c'
'Invoking: ARM Compiler'
"C:/ti/ccsv6/tools/compiler/ti-cgt-arm_5.2.7/bin/armcl" -mv7M3 --code_state=16 --abi=eabi -me --include_path="C:/Users/katrin/Documents/GitHub/sensortag/bicycle_computer_v2/cc26xxware_2_22_00_16101/startup_files" --include_path="C:/Users/katrin/Documents/GitHub/sensortag/bicycle_computer_v2/cc26xxware_2_22_00_16101/inc" --include_path="C:/Users/katrin/Documents/GitHub/sensortag/bicycle_computer_v2/cc26xxware_2_22_00_16101/utils" --include_path="C:/Users/katrin/Documents/GitHub/sensortag/bicycle_computer_v2/radio_files/pa_table" --include_path="C:/ti/ccsv6/tools/compiler/ti-cgt-arm_5.2.7/include" --include_path="C:/Users/katrin/Documents/GitHub/sensortag/bicycle_computer_v2/cc26xxware_2_22_00_16101/driverLib" --include_path="C:/Users/katrin/Documents/GitHub/sensortag/bicycle_computer_v2/radio_files" --include_path="C:/Users/katrin/Documents/GitHub/sensortag/bicycle_computer_v2/sensors" --include_path="C:/Users/katrin/Documents/GitHub/sensortag/bicycle_computer_v2/interfaces" -g --display_error_number --diag_warning=225 --diag_wrap=off --preproc_with_compile --preproc_dependency="cc26xxware_2_22_00_16101/driverLib/interrupt.pp" --obj_directory="cc26xxware_2_22_00_16101/driverLib"  "../cc26xxware_2_22_00_16101/driverLib/interrupt.c"
'Finished building: ../cc26xxware_2_22_00_16101/driverLib/interrupt.c'
' '
'Building file: ../cc26xxware_2_22_00_16101/driverLib/ioc.c'
'Invoking: ARM Compiler'
"C:/ti/ccsv6/tools/compiler/ti-cgt-arm_5.2.7/bin/armcl" -mv7M3 --code_state=16 --abi=eabi -me --include_path="C:/Users/katrin/Documents/GitHub/sensortag/bicycle_computer_v2/cc26xxware_2_22_00_16101/startup_files" --include_path="C:/Users/katrin/Documents/GitHub/sensortag/bicycle_computer_v2/cc26xxware_2_22_00_16101/inc" --include_path="C:/Users/katrin/Documents/GitHub/sensortag/bicycle_computer_v2/cc26xxware_2_22_00_16101/utils" --include_path="C:/Users/katrin/Documents/GitHub/sensortag/bicycle_computer_v2/radio_files/pa_table" --include_path="C:/ti/ccsv6/tools/compiler/ti-cgt-arm_5.2.7/include" --include_path="C:/Users/katrin/Documents/GitHub/sensortag/bicycle_computer_v2/cc26xxware_2_22_00_16101/driverLib" --include_path="C:/Users/katrin/Documents/GitHub/sensortag/bicycle_computer_v2/radio_files" --include_path="C:/Users/katrin/Documents/GitHub/sensortag/bicycle_computer_v2/sensors" --include_path="C:/Users/katrin/Documents/GitHub/sensortag/bicycle_computer_v2/interfaces" -g --display_error_number --diag_warning=225 --diag_wrap=off --preproc_with_compile --preproc_dependency="cc26xxware_2_22_00_16101/driverLib/ioc.pp" --obj_directory="cc26xxware_2_22_00_16101/driverLib"  "../cc26xxware_2_22_00_16101/driverLib/ioc.c"
'Finished building: ../cc26xxware_2_22_00_16101/driverLib/ioc.c'
' '
'Building file: ../cc26xxware_2_22_00_16101/driverLib/osc.c'
'Invoking: ARM Compiler'
"C:/ti/ccsv6/tools/compiler/ti-cgt-arm_5.2.7/bin/armcl" -mv7M3 --code_state=16 --abi=eabi -me --include_path="C:/Users/katrin/Documents/GitHub/sensortag/bicycle_computer_v2/cc26xxware_2_22_00_16101/startup_files" --include_path="C:/Users/katrin/Documents/GitHub/sensortag/bicycle_computer_v2/cc26xxware_2_22_00_16101/inc" --include_path="C:/Users/katrin/Documents/GitHub/sensortag/bicycle_computer_v2/cc26xxware_2_22_00_16101/utils" --include_path="C:/Users/katrin/Documents/GitHub/sensortag/bicycle_computer_v2/radio_files/pa_table" --include_path="C:/ti/ccsv6/tools/compiler/ti-cgt-arm_5.2.7/include" --include_path="C:/Users/katrin/Documents/GitHub/sensortag/bicycle_computer_v2/cc26xxware_2_22_00_16101/driverLib" --include_path="C:/Users/katrin/Documents/GitHub/sensortag/bicycle_computer_v2/radio_files" --include_path="C:/Users/katrin/Documents/GitHub/sensortag/bicycle_computer_v2/sensors" --include_path="C:/Users/katrin/Documents/GitHub/sensortag/bicycle_computer_v2/interfaces" -g --display_error_number --diag_warning=225 --diag_wrap=off --preproc_with_compile --preproc_dependency="cc26xxware_2_22_00_16101/driverLib/osc.pp" --obj_directory="cc26xxware_2_22_00_16101/driverLib"  "../cc26xxware_2_22_00_16101/driverLib/osc.c"
'Finished building: ../cc26xxware_2_22_00_16101/driverLib/osc.c'
' '
'Building file: ../cc26xxware_2_22_00_16101/driverLib/prcm.c'
'Invoking: ARM Compiler'
"C:/ti/ccsv6/tools/compiler/ti-cgt-arm_5.2.7/bin/armcl" -mv7M3 --code_state=16 --abi=eabi -me --include_path="C:/Users/katrin/Documents/GitHub/sensortag/bicycle_computer_v2/cc26xxware_2_22_00_16101/startup_files" --include_path="C:/Users/katrin/Documents/GitHub/sensortag/bicycle_computer_v2/cc26xxware_2_22_00_16101/inc" --include_path="C:/Users/katrin/Documents/GitHub/sensortag/bicycle_computer_v2/cc26xxware_2_22_00_16101/utils" --include_path="C:/Users/katrin/Documents/GitHub/sensortag/bicycle_computer_v2/radio_files/pa_table" --include_path="C:/ti/ccsv6/tools/compiler/ti-cgt-arm_5.2.7/include" --include_path="C:/Users/katrin/Documents/GitHub/sensortag/bicycle_computer_v2/cc26xxware_2_22_00_16101/driverLib" --include_path="C:/Users/katrin/Documents/GitHub/sensortag/bicycle_computer_v2/radio_files" --include_path="C:/Users/katrin/Documents/GitHub/sensortag/bicycle_computer_v2/sensors" --include_path="C:/Users/katrin/Documents/GitHub/sensortag/bicycle_computer_v2/interfaces" -g --display_error_number --diag_warning=225 --diag_wrap=off --preproc_with_compile --preproc_dependency="cc26xxware_2_22_00_16101/driverLib/prcm.pp" --obj_directory="cc26xxware_2_22_00_16101/driverLib"  "../cc26xxware_2_22_00_16101/driverLib/prcm.c"
'Finished building: ../cc26xxware_2_22_00_16101/driverLib/prcm.c'
' '
'Building file: ../cc26xxware_2_22_00_16101/driverLib/pwr_ctrl.c'
'Invoking: ARM Compiler'
"C:/ti/ccsv6/tools/compiler/ti-cgt-arm_5.2.7/bin/armcl" -mv7M3 --code_state=16 --abi=eabi -me --include_path="C:/Users/katrin/Documents/GitHub/sensortag/bicycle_computer_v2/cc26xxware_2_22_00_16101/startup_files" --include_path="C:/Users/katrin/Documents/GitHub/sensortag/bicycle_computer_v2/cc26xxware_2_22_00_16101/inc" --include_path="C:/Users/katrin/Documents/GitHub/sensortag/bicycle_computer_v2/cc26xxware_2_22_00_16101/utils" --include_path="C:/Users/katrin/Documents/GitHub/sensortag/bicycle_computer_v2/radio_files/pa_table" --include_path="C:/ti/ccsv6/tools/compiler/ti-cgt-arm_5.2.7/include" --include_path="C:/Users/katrin/Documents/GitHub/sensortag/bicycle_computer_v2/cc26xxware_2_22_00_16101/driverLib" --include_path="C:/Users/katrin/Documents/GitHub/sensortag/bicycle_computer_v2/radio_files" --include_path="C:/Users/katrin/Documents/GitHub/sensortag/bicycle_computer_v2/sensors" --include_path="C:/Users/katrin/Documents/GitHub/sensortag/bicycle_computer_v2/interfaces" -g --display_error_number --diag_warning=225 --diag_wrap=off --preproc_with_compile --preproc_dependency="cc26xxware_2_22_00_16101/driverLib/pwr_ctrl.pp" --obj_directory="cc26xxware_2_22_00_16101/driverLib"  "../cc26xxware_2_22_00_16101/driverLib/pwr_ctrl.c"
'Finished building: ../cc26xxware_2_22_00_16101/driverLib/pwr_ctrl.c'
' '
'Building file: ../cc26xxware_2_22_00_16101/driverLib/rfc.c'
'Invoking: ARM Compiler'
"C:/ti/ccsv6/tools/compiler/ti-cgt-arm_5.2.7/bin/armcl" -mv7M3 --code_state=16 --abi=eabi -me --include_path="C:/Users/katrin/Documents/GitHub/sensortag/bicycle_computer_v2/cc26xxware_2_22_00_16101/startup_files" --include_path="C:/Users/katrin/Documents/GitHub/sensortag/bicycle_computer_v2/cc26xxware_2_22_00_16101/inc" --include_path="C:/Users/katrin/Documents/GitHub/sensortag/bicycle_computer_v2/cc26xxware_2_22_00_16101/utils" --include_path="C:/Users/katrin/Documents/GitHub/sensortag/bicycle_computer_v2/radio_files/pa_table" --include_path="C:/ti/ccsv6/tools/compiler/ti-cgt-arm_5.2.7/include" --include_path="C:/Users/katrin/Documents/GitHub/sensortag/bicycle_computer_v2/cc26xxware_2_22_00_16101/driverLib" --include_path="C:/Users/katrin/Documents/GitHub/sensortag/bicycle_computer_v2/radio_files" --include_path="C:/Users/katrin/Documents/GitHub/sensortag/bicycle_computer_v2/sensors" --include_path="C:/Users/katrin/Documents/GitHub/sensortag/bicycle_computer_v2/interfaces" -g --display_error_number --diag_warning=225 --diag_wrap=off --preproc_with_compile --preproc_dependency="cc26xxware_2_22_00_16101/driverLib/rfc.pp" --obj_directory="cc26xxware_2_22_00_16101/driverLib"  "../cc26xxware_2_22_00_16101/driverLib/rfc.c"
'Finished building: ../cc26xxware_2_22_00_16101/driverLib/rfc.c'
' '
'Building file: ../cc26xxware_2_22_00_16101/driverLib/rom_crypto.c'
'Invoking: ARM Compiler'
"C:/ti/ccsv6/tools/compiler/ti-cgt-arm_5.2.7/bin/armcl" -mv7M3 --code_state=16 --abi=eabi -me --include_path="C:/Users/katrin/Documents/GitHub/sensortag/bicycle_computer_v2/cc26xxware_2_22_00_16101/startup_files" --include_path="C:/Users/katrin/Documents/GitHub/sensortag/bicycle_computer_v2/cc26xxware_2_22_00_16101/inc" --include_path="C:/Users/katrin/Documents/GitHub/sensortag/bicycle_computer_v2/cc26xxware_2_22_00_16101/utils" --include_path="C:/Users/katrin/Documents/GitHub/sensortag/bicycle_computer_v2/radio_files/pa_table" --include_path="C:/ti/ccsv6/tools/compiler/ti-cgt-arm_5.2.7/include" --include_path="C:/Users/katrin/Documents/GitHub/sensortag/bicycle_computer_v2/cc26xxware_2_22_00_16101/driverLib" --include_path="C:/Users/katrin/Documents/GitHub/sensortag/bicycle_computer_v2/radio_files" --include_path="C:/Users/katrin/Documents/GitHub/sensortag/bicycle_computer_v2/sensors" --include_path="C:/Users/katrin/Documents/GitHub/sensortag/bicycle_computer_v2/interfaces" -g --display_error_number --diag_warning=225 --diag_wrap=off --preproc_with_compile --preproc_dependency="cc26xxware_2_22_00_16101/driverLib/rom_crypto.pp" --obj_directory="cc26xxware_2_22_00_16101/driverLib"  "../cc26xxware_2_22_00_16101/driverLib/rom_crypto.c"
'Finished building: ../cc26xxware_2_22_00_16101/driverLib/rom_crypto.c'
' '
'Building file: ../cc26xxware_2_22_00_16101/driverLib/setup.c'
'Invoking: ARM Compiler'
"C:/ti/ccsv6/tools/compiler/ti-cgt-arm_5.2.7/bin/armcl" -mv7M3 --code_state=16 --abi=eabi -me --include_path="C:/Users/katrin/Documents/GitHub/sensortag/bicycle_computer_v2/cc26xxware_2_22_00_16101/startup_files" --include_path="C:/Users/katrin/Documents/GitHub/sensortag/bicycle_computer_v2/cc26xxware_2_22_00_16101/inc" --include_path="C:/Users/katrin/Documents/GitHub/sensortag/bicycle_computer_v2/cc26xxware_2_22_00_16101/utils" --include_path="C:/Users/katrin/Documents/GitHub/sensortag/bicycle_computer_v2/radio_files/pa_table" --include_path="C:/ti/ccsv6/tools/compiler/ti-cgt-arm_5.2.7/include" --include_path="C:/Users/katrin/Documents/GitHub/sensortag/bicycle_computer_v2/cc26xxware_2_22_00_16101/driverLib" --include_path="C:/Users/katrin/Documents/GitHub/sensortag/bicycle_computer_v2/radio_files" --include_path="C:/Users/katrin/Documents/GitHub/sensortag/bicycle_computer_v2/sensors" --include_path="C:/Users/katrin/Documents/GitHub/sensortag/bicycle_computer_v2/interfaces" -g --display_error_number --diag_warning=225 --diag_wrap=off --preproc_with_compile --preproc_dependency="cc26xxware_2_22_00_16101/driverLib/setup.pp" --obj_directory="cc26xxware_2_22_00_16101/driverLib"  "../cc26xxware_2_22_00_16101/driverLib/setup.c"
'Finished building: ../cc26xxware_2_22_00_16101/driverLib/setup.c'
' '
'Building file: ../cc26xxware_2_22_00_16101/driverLib/smph.c'
'Invoking: ARM Compiler'
"C:/ti/ccsv6/tools/compiler/ti-cgt-arm_5.2.7/bin/armcl" -mv7M3 --code_state=16 --abi=eabi -me --include_path="C:/Users/katrin/Documents/GitHub/sensortag/bicycle_computer_v2/cc26xxware_2_22_00_16101/startup_files" --include_path="C:/Users/katrin/Documents/GitHub/sensortag/bicycle_computer_v2/cc26xxware_2_22_00_16101/inc" --include_path="C:/Users/katrin/Documents/GitHub/sensortag/bicycle_computer_v2/cc26xxware_2_22_00_16101/utils" --include_path="C:/Users/katrin/Documents/GitHub/sensortag/bicycle_computer_v2/radio_files/pa_table" --include_path="C:/ti/ccsv6/tools/compiler/ti-cgt-arm_5.2.7/include" --include_path="C:/Users/katrin/Documents/GitHub/sensortag/bicycle_computer_v2/cc26xxware_2_22_00_16101/driverLib" --include_path="C:/Users/katrin/Documents/GitHub/sensortag/bicycle_computer_v2/radio_files" --include_path="C:/Users/katrin/Documents/GitHub/sensortag/bicycle_computer_v2/sensors" --include_path="C:/Users/katrin/Documents/GitHub/sensortag/bicycle_computer_v2/interfaces" -g --display_error_number --diag_warning=225 --diag_wrap=off --preproc_with_compile --preproc_dependency="cc26xxware_2_22_00_16101/driverLib/smph.pp" --obj_directory="cc26xxware_2_22_00_16101/driverLib"  "../cc26xxware_2_22_00_16101/driverLib/smph.c"
'Finished building: ../cc26xxware_2_22_00_16101/driverLib/smph.c'
' '
'Building file: ../cc26xxware_2_22_00_16101/driverLib/ssi.c'
'Invoking: ARM Compiler'
"C:/ti/ccsv6/tools/compiler/ti-cgt-arm_5.2.7/bin/armcl" -mv7M3 --code_state=16 --abi=eabi -me --include_path="C:/Users/katrin/Documents/GitHub/sensortag/bicycle_computer_v2/cc26xxware_2_22_00_16101/startup_files" --include_path="C:/Users/katrin/Documents/GitHub/sensortag/bicycle_computer_v2/cc26xxware_2_22_00_16101/inc" --include_path="C:/Users/katrin/Documents/GitHub/sensortag/bicycle_computer_v2/cc26xxware_2_22_00_16101/utils" --include_path="C:/Users/katrin/Documents/GitHub/sensortag/bicycle_computer_v2/radio_files/pa_table" --include_path="C:/ti/ccsv6/tools/compiler/ti-cgt-arm_5.2.7/include" --include_path="C:/Users/katrin/Documents/GitHub/sensortag/bicycle_computer_v2/cc26xxware_2_22_00_16101/driverLib" --include_path="C:/Users/katrin/Documents/GitHub/sensortag/bicycle_computer_v2/radio_files" --include_path="C:/Users/katrin/Documents/GitHub/sensortag/bicycle_computer_v2/sensors" --include_path="C:/Users/katrin/Documents/GitHub/sensortag/bicycle_computer_v2/interfaces" -g --display_error_number --diag_warning=225 --diag_wrap=off --preproc_with_compile --preproc_dependency="cc26xxware_2_22_00_16101/driverLib/ssi.pp" --obj_directory="cc26xxware_2_22_00_16101/driverLib"  "../cc26xxware_2_22_00_16101/driverLib/ssi.c"
'Finished building: ../cc26xxware_2_22_00_16101/driverLib/ssi.c'
' '
'Building file: ../cc26xxware_2_22_00_16101/driverLib/sys_ctrl.c'
'Invoking: ARM Compiler'
"C:/ti/ccsv6/tools/compiler/ti-cgt-arm_5.2.7/bin/armcl" -mv7M3 --code_state=16 --abi=eabi -me --include_path="C:/Users/katrin/Documents/GitHub/sensortag/bicycle_computer_v2/cc26xxware_2_22_00_16101/startup_files" --include_path="C:/Users/katrin/Documents/GitHub/sensortag/bicycle_computer_v2/cc26xxware_2_22_00_16101/inc" --include_path="C:/Users/katrin/Documents/GitHub/sensortag/bicycle_computer_v2/cc26xxware_2_22_00_16101/utils" --include_path="C:/Users/katrin/Documents/GitHub/sensortag/bicycle_computer_v2/radio_files/pa_table" --include_path="C:/ti/ccsv6/tools/compiler/ti-cgt-arm_5.2.7/include" --include_path="C:/Users/katrin/Documents/GitHub/sensortag/bicycle_computer_v2/cc26xxware_2_22_00_16101/driverLib" --include_path="C:/Users/katrin/Documents/GitHub/sensortag/bicycle_computer_v2/radio_files" --include_path="C:/Users/katrin/Documents/GitHub/sensortag/bicycle_computer_v2/sensors" --include_path="C:/Users/katrin/Documents/GitHub/sensortag/bicycle_computer_v2/interfaces" -g --display_error_number --diag_warning=225 --diag_wrap=off --preproc_with_compile --preproc_dependency="cc26xxware_2_22_00_16101/driverLib/sys_ctrl.pp" --obj_directory="cc26xxware_2_22_00_16101/driverLib"  "../cc26xxware_2_22_00_16101/driverLib/sys_ctrl.c"
'Finished building: ../cc26xxware_2_22_00_16101/driverLib/sys_ctrl.c'
' '
'Building file: ../cc26xxware_2_22_00_16101/driverLib/systick.c'
'Invoking: ARM Compiler'
"C:/ti/ccsv6/tools/compiler/ti-cgt-arm_5.2.7/bin/armcl" -mv7M3 --code_state=16 --abi=eabi -me --include_path="C:/Users/katrin/Documents/GitHub/sensortag/bicycle_computer_v2/cc26xxware_2_22_00_16101/startup_files" --include_path="C:/Users/katrin/Documents/GitHub/sensortag/bicycle_computer_v2/cc26xxware_2_22_00_16101/inc" --include_path="C:/Users/katrin/Documents/GitHub/sensortag/bicycle_computer_v2/cc26xxware_2_22_00_16101/utils" --include_path="C:/Users/katrin/Documents/GitHub/sensortag/bicycle_computer_v2/radio_files/pa_table" --include_path="C:/ti/ccsv6/tools/compiler/ti-cgt-arm_5.2.7/include" --include_path="C:/Users/katrin/Documents/GitHub/sensortag/bicycle_computer_v2/cc26xxware_2_22_00_16101/driverLib" --include_path="C:/Users/katrin/Documents/GitHub/sensortag/bicycle_computer_v2/radio_files" --include_path="C:/Users/katrin/Documents/GitHub/sensortag/bicycle_computer_v2/sensors" --include_path="C:/Users/katrin/Documents/GitHub/sensortag/bicycle_computer_v2/interfaces" -g --display_error_number --diag_warning=225 --diag_wrap=off --preproc_with_compile --preproc_dependency="cc26xxware_2_22_00_16101/driverLib/systick.pp" --obj_directory="cc26xxware_2_22_00_16101/driverLib"  "../cc26xxware_2_22_00_16101/driverLib/systick.c"
'Finished building: ../cc26xxware_2_22_00_16101/driverLib/systick.c'
' '
'Building file: ../cc26xxware_2_22_00_16101/driverLib/timer.c'
'Invoking: ARM Compiler'
"C:/ti/ccsv6/tools/compiler/ti-cgt-arm_5.2.7/bin/armcl" -mv7M3 --code_state=16 --abi=eabi -me --include_path="C:/Users/katrin/Documents/GitHub/sensortag/bicycle_computer_v2/cc26xxware_2_22_00_16101/startup_files" --include_path="C:/Users/katrin/Documents/GitHub/sensortag/bicycle_computer_v2/cc26xxware_2_22_00_16101/inc" --include_path="C:/Users/katrin/Documents/GitHub/sensortag/bicycle_computer_v2/cc26xxware_2_22_00_16101/utils" --include_path="C:/Users/katrin/Documents/GitHub/sensortag/bicycle_computer_v2/radio_files/pa_table" --include_path="C:/ti/ccsv6/tools/compiler/ti-cgt-arm_5.2.7/include" --include_path="C:/Users/katrin/Documents/GitHub/sensortag/bicycle_computer_v2/cc26xxware_2_22_00_16101/driverLib" --include_path="C:/Users/katrin/Documents/GitHub/sensortag/bicycle_computer_v2/radio_files" --include_path="C:/Users/katrin/Documents/GitHub/sensortag/bicycle_computer_v2/sensors" --include_path="C:/Users/katrin/Documents/GitHub/sensortag/bicycle_computer_v2/interfaces" -g --display_error_number --diag_warning=225 --diag_wrap=off --preproc_with_compile --preproc_dependency="cc26xxware_2_22_00_16101/driverLib/timer.pp" --obj_directory="cc26xxware_2_22_00_16101/driverLib"  "../cc26xxware_2_22_00_16101/driverLib/timer.c"
'Finished building: ../cc26xxware_2_22_00_16101/driverLib/timer.c'
' '
'Building file: ../cc26xxware_2_22_00_16101/driverLib/trng.c'
'Invoking: ARM Compiler'
"C:/ti/ccsv6/tools/compiler/ti-cgt-arm_5.2.7/bin/armcl" -mv7M3 --code_state=16 --abi=eabi -me --include_path="C:/Users/katrin/Documents/GitHub/sensortag/bicycle_computer_v2/cc26xxware_2_22_00_16101/startup_files" --include_path="C:/Users/katrin/Documents/GitHub/sensortag/bicycle_computer_v2/cc26xxware_2_22_00_16101/inc" --include_path="C:/Users/katrin/Documents/GitHub/sensortag/bicycle_computer_v2/cc26xxware_2_22_00_16101/utils" --include_path="C:/Users/katrin/Documents/GitHub/sensortag/bicycle_computer_v2/radio_files/pa_table" --include_path="C:/ti/ccsv6/tools/compiler/ti-cgt-arm_5.2.7/include" --include_path="C:/Users/katrin/Documents/GitHub/sensortag/bicycle_computer_v2/cc26xxware_2_22_00_16101/driverLib" --include_path="C:/Users/katrin/Documents/GitHub/sensortag/bicycle_computer_v2/radio_files" --include_path="C:/Users/katrin/Documents/GitHub/sensortag/bicycle_computer_v2/sensors" --include_path="C:/Users/katrin/Documents/GitHub/sensortag/bicycle_computer_v2/interfaces" -g --display_error_number --diag_warning=225 --diag_wrap=off --preproc_with_compile --preproc_dependency="cc26xxware_2_22_00_16101/driverLib/trng.pp" --obj_directory="cc26xxware_2_22_00_16101/driverLib"  "../cc26xxware_2_22_00_16101/driverLib/trng.c"
'Finished building: ../cc26xxware_2_22_00_16101/driverLib/trng.c'
' '
'Building file: ../cc26xxware_2_22_00_16101/driverLib/uart.c'
'Invoking: ARM Compiler'
"C:/ti/ccsv6/tools/compiler/ti-cgt-arm_5.2.7/bin/armcl" -mv7M3 --code_state=16 --abi=eabi -me --include_path="C:/Users/katrin/Documents/GitHub/sensortag/bicycle_computer_v2/cc26xxware_2_22_00_16101/startup_files" --include_path="C:/Users/katrin/Documents/GitHub/sensortag/bicycle_computer_v2/cc26xxware_2_22_00_16101/inc" --include_path="C:/Users/katrin/Documents/GitHub/sensortag/bicycle_computer_v2/cc26xxware_2_22_00_16101/utils" --include_path="C:/Users/katrin/Documents/GitHub/sensortag/bicycle_computer_v2/radio_files/pa_table" --include_path="C:/ti/ccsv6/tools/compiler/ti-cgt-arm_5.2.7/include" --include_path="C:/Users/katrin/Documents/GitHub/sensortag/bicycle_computer_v2/cc26xxware_2_22_00_16101/driverLib" --include_path="C:/Users/katrin/Documents/GitHub/sensortag/bicycle_computer_v2/radio_files" --include_path="C:/Users/katrin/Documents/GitHub/sensortag/bicycle_computer_v2/sensors" --include_path="C:/Users/katrin/Documents/GitHub/sensortag/bicycle_computer_v2/interfaces" -g --display_error_number --diag_warning=225 --diag_wrap=off --preproc_with_compile --preproc_dependency="cc26xxware_2_22_00_16101/driverLib/uart.pp" --obj_directory="cc26xxware_2_22_00_16101/driverLib"  "../cc26xxware_2_22_00_16101/driverLib/uart.c"
'Finished building: ../cc26xxware_2_22_00_16101/driverLib/uart.c'
' '
'Building file: ../cc26xxware_2_22_00_16101/driverLib/udma.c'
'Invoking: ARM Compiler'
"C:/ti/ccsv6/tools/compiler/ti-cgt-arm_5.2.7/bin/armcl" -mv7M3 --code_state=16 --abi=eabi -me --include_path="C:/Users/katrin/Documents/GitHub/sensortag/bicycle_computer_v2/cc26xxware_2_22_00_16101/startup_files" --include_path="C:/Users/katrin/Documents/GitHub/sensortag/bicycle_computer_v2/cc26xxware_2_22_00_16101/inc" --include_path="C:/Users/katrin/Documents/GitHub/sensortag/bicycle_computer_v2/cc26xxware_2_22_00_16101/utils" --include_path="C:/Users/katrin/Documents/GitHub/sensortag/bicycle_computer_v2/radio_files/pa_table" --include_path="C:/ti/ccsv6/tools/compiler/ti-cgt-arm_5.2.7/include" --include_path="C:/Users/katrin/Documents/GitHub/sensortag/bicycle_computer_v2/cc26xxware_2_22_00_16101/driverLib" --include_path="C:/Users/katrin/Documents/GitHub/sensortag/bicycle_computer_v2/radio_files" --include_path="C:/Users/katrin/Documents/GitHub/sensortag/bicycle_computer_v2/sensors" --include_path="C:/Users/katrin/Documents/GitHub/sensortag/bicycle_computer_v2/interfaces" -g --display_error_number --diag_warning=225 --diag_wrap=off --preproc_with_compile --preproc_dependency="cc26xxware_2_22_00_16101/driverLib/udma.pp" --obj_directory="cc26xxware_2_22_00_16101/driverLib"  "../cc26xxware_2_22_00_16101/driverLib/udma.c"
'Finished building: ../cc26xxware_2_22_00_16101/driverLib/udma.c'
' '
'Building file: ../cc26xxware_2_22_00_16101/driverLib/vims.c'
'Invoking: ARM Compiler'
"C:/ti/ccsv6/tools/compiler/ti-cgt-arm_5.2.7/bin/armcl" -mv7M3 --code_state=16 --abi=eabi -me --include_path="C:/Users/katrin/Documents/GitHub/sensortag/bicycle_computer_v2/cc26xxware_2_22_00_16101/startup_files" --include_path="C:/Users/katrin/Documents/GitHub/sensortag/bicycle_computer_v2/cc26xxware_2_22_00_16101/inc" --include_path="C:/Users/katrin/Documents/GitHub/sensortag/bicycle_computer_v2/cc26xxware_2_22_00_16101/utils" --include_path="C:/Users/katrin/Documents/GitHub/sensortag/bicycle_computer_v2/radio_files/pa_table" --include_path="C:/ti/ccsv6/tools/compiler/ti-cgt-arm_5.2.7/include" --include_path="C:/Users/katrin/Documents/GitHub/sensortag/bicycle_computer_v2/cc26xxware_2_22_00_16101/driverLib" --include_path="C:/Users/katrin/Documents/GitHub/sensortag/bicycle_computer_v2/radio_files" --include_path="C:/Users/katrin/Documents/GitHub/sensortag/bicycle_computer_v2/sensors" --include_path="C:/Users/katrin/Documents/GitHub/sensortag/bicycle_computer_v2/interfaces" -g --display_error_number --diag_warning=225 --diag_wrap=off --preproc_with_compile --preproc_dependency="cc26xxware_2_22_00_16101/driverLib/vims.pp" --obj_directory="cc26xxware_2_22_00_16101/driverLib"  "../cc26xxware_2_22_00_16101/driverLib/vims.c"
'Finished building: ../cc26xxware_2_22_00_16101/driverLib/vims.c'
' '
'Building file: ../cc26xxware_2_22_00_16101/driverLib/watchdog.c'
'Invoking: ARM Compiler'
"C:/ti/ccsv6/tools/compiler/ti-cgt-arm_5.2.7/bin/armcl" -mv7M3 --code_state=16 --abi=eabi -me --include_path="C:/Users/katrin/Documents/GitHub/sensortag/bicycle_computer_v2/cc26xxware_2_22_00_16101/startup_files" --include_path="C:/Users/katrin/Documents/GitHub/sensortag/bicycle_computer_v2/cc26xxware_2_22_00_16101/inc" --include_path="C:/Users/katrin/Documents/GitHub/sensortag/bicycle_computer_v2/cc26xxware_2_22_00_16101/utils" --include_path="C:/Users/katrin/Documents/GitHub/sensortag/bicycle_computer_v2/radio_files/pa_table" --include_path="C:/ti/ccsv6/tools/compiler/ti-cgt-arm_5.2.7/include" --include_path="C:/Users/katrin/Documents/GitHub/sensortag/bicycle_computer_v2/cc26xxware_2_22_00_16101/driverLib" --include_path="C:/Users/katrin/Documents/GitHub/sensortag/bicycle_computer_v2/radio_files" --include_path="C:/Users/katrin/Documents/GitHub/sensortag/bicycle_computer_v2/sensors" --include_path="C:/Users/katrin/Documents/GitHub/sensortag/bicycle_computer_v2/interfaces" -g --display_error_number --diag_warning=225 --diag_wrap=off --preproc_with_compile --preproc_dependency="cc26xxware_2_22_00_16101/driverLib/watchdog.pp" --obj_directory="cc26xxware_2_22_00_16101/driverLib"  "../cc26xxware_2_22_00_16101/driverLib/watchdog.c"
'Finished building: ../cc26xxware_2_22_00_16101/driverLib/watchdog.c'
' '
'Building target: bicycle_computer.out'
'Invoking: ARM Linker'
"C:/ti/ccsv6/tools/compiler/ti-cgt-arm_5.2.7/bin/armcl" -mv7M3 --code_state=16 --abi=eabi -me -g --display_error_number --diag_warning=225 --diag_wrap=off -z -m"bicycle_computer.map" --heap_size=0 --stack_size=256 -i"C:/ti/ccsv6/tools/compiler/ti-cgt-arm_5.2.7/lib" -i"C:/ti/ccsv6/tools/compiler/ti-cgt-arm_5.2.7/include" --reread_libs --warn_sections --display_error_number --diag_wrap=off --xml_link_info="bicycle_computer_linkInfo.xml" --rom_model -o "bicycle_computer.out" "./ccfg.obj" "./em8500-pwr-mgnt.obj" "./main.obj" "./radio.obj" "./rtc.obj" "./system.obj" "./sensors/bmp-280-sensor.obj" "./sensors/buzzer.obj" "./sensors/ext-flash.obj" "./sensors/hdc-1000-sensor.obj" "./sensors/opt-3001-sensor.obj" "./sensors/sensor-common.obj" "./sensors/tmp-007-sensor.obj" "./interfaces/board-i2c.obj" "./interfaces/board-spi.obj" "./cc26xxware_2_22_00_16101/startup_files/startup_ccs.obj" "./cc26xxware_2_22_00_16101/driverLib/adi.obj" "./cc26xxware_2_22_00_16101/driverLib/aon_batmon.obj" "./cc26xxware_2_22_00_16101/driverLib/aon_event.obj" "./cc26xxware_2_22_00_16101/driverLib/aon_ioc.obj" "./cc26xxware_2_22_00_16101/driverLib/aon_rtc.obj" "./cc26xxware_2_22_00_16101/driverLib/aon_wuc.obj" "./cc26xxware_2_22_00_16101/driverLib/aux_adc.obj" "./cc26xxware_2_22_00_16101/driverLib/aux_smph.obj" "./cc26xxware_2_22_00_16101/driverLib/aux_tdc.obj" "./cc26xxware_2_22_00_16101/driverLib/aux_timer.obj" "./cc26xxware_2_22_00_16101/driverLib/aux_wuc.obj" "./cc26xxware_2_22_00_16101/driverLib/ccfgread.obj" "./cc26xxware_2_22_00_16101/driverLib/chipinfo.obj" "./cc26xxware_2_22_00_16101/driverLib/cpu.obj" "./cc26xxware_2_22_00_16101/driverLib/crypto.obj" "./cc26xxware_2_22_00_16101/driverLib/ddi.obj" "./cc26xxware_2_22_00_16101/driverLib/debug.obj" "./cc26xxware_2_22_00_16101/driverLib/driverlib_release.obj" "./cc26xxware_2_22_00_16101/driverLib/event.obj" "./cc26xxware_2_22_00_16101/driverLib/flash.obj" "./cc26xxware_2_22_00_16101/driverLib/flashsafe.obj" "./cc26xxware_2_22_00_16101/driverLib/gpio.obj" "./cc26xxware_2_22_00_16101/driverLib/i2c.obj" "./cc26xxware_2_22_00_16101/driverLib/i2s.obj" "./cc26xxware_2_22_00_16101/driverLib/interrupt.obj" "./cc26xxware_2_22_00_16101/driverLib/ioc.obj" "./cc26xxware_2_22_00_16101/driverLib/osc.obj" "./cc26xxware_2_22_00_16101/driverLib/prcm.obj" "./cc26xxware_2_22_00_16101/driverLib/pwr_ctrl.obj" "./cc26xxware_2_22_00_16101/driverLib/rfc.obj" "./cc26xxware_2_22_00_16101/driverLib/rom_crypto.obj" "./cc26xxware_2_22_00_16101/driverLib/setup.obj" "./cc26xxware_2_22_00_16101/driverLib/smph.obj" "./cc26xxware_2_22_00_16101/driverLib/ssi.obj" "./cc26xxware_2_22_00_16101/driverLib/sys_ctrl.obj" "./cc26xxware_2_22_00_16101/driverLib/systick.obj" "./cc26xxware_2_22_00_16101/driverLib/timer.obj" "./cc26xxware_2_22_00_16101/driverLib/trng.obj" "./cc26xxware_2_22_00_16101/driverLib/uart.obj" "./cc26xxware_2_22_00_16101/driverLib/udma.obj" "./cc26xxware_2_22_00_16101/driverLib/vims.obj" "./cc26xxware_2_22_00_16101/driverLib/watchdog.obj" "../cc26x0f128.cmd"  -l"libc.a" 
<Linking>
'Finished building target: bicycle_computer.out'
' '

**** Build Finished ****

**** Build of configuration Debug for project bicycle_computer ****

"C:\\ti\\ccsv6\\utils\\bin\\gmake" -k all 
gmake: Nothing to be done for `all'.

**** Build Finished ****
